ARM GAS  C:\Users\igorn\AppData\Local\Temp\ccSw6G5B.s 			page 1


   1              		.cpu cortex-m3
   2              		.arch armv7-m
   3              		.fpu softvfp
   4              		.eabi_attribute 20, 1
   5              		.eabi_attribute 21, 1
   6              		.eabi_attribute 23, 3
   7              		.eabi_attribute 24, 1
   8              		.eabi_attribute 25, 1
   9              		.eabi_attribute 26, 1
  10              		.eabi_attribute 30, 1
  11              		.eabi_attribute 34, 1
  12              		.eabi_attribute 18, 4
  13              		.file	"NOS_Strip_UART.c"
  14              		.text
  15              	.Ltext0:
  16              		.cfi_sections	.debug_frame
  17              		.file 1 "Core/Src/NOS_Strip_UART.c"
  18              		.section	.text.NOS_Strip_UART_ParseCommand,"ax",%progbits
  19              		.align	1
  20              		.global	NOS_Strip_UART_ParseCommand
  21              		.syntax unified
  22              		.thumb
  23              		.thumb_func
  25              	NOS_Strip_UART_ParseCommand:
  26              	.LVL0:
  27              	.LFB65:
   1:Core/Src/NOS_Strip_UART.c **** #include "NOS_Strip_UART.h"
   2:Core/Src/NOS_Strip_UART.c **** #include "NOS_WS2812B_Strip.h"
   3:Core/Src/NOS_Strip_UART.c **** 
   4:Core/Src/NOS_Strip_UART.c **** /*
   5:Core/Src/NOS_Strip_UART.c **** const char* NOS_Strip_Uart_ParseCommand(WS2812B_Strip* strip,uint8_t* command)
   6:Core/Src/NOS_Strip_UART.c **** {
   7:Core/Src/NOS_Strip_UART.c ****     NOS_Short tempShort;
   8:Core/Src/NOS_Strip_UART.c ****     int currPos = 4;
   9:Core/Src/NOS_Strip_UART.c ****     int tempInt1,tempInt2;
  10:Core/Src/NOS_Strip_UART.c ****     uint8_t r,g,b;
  11:Core/Src/NOS_Strip_UART.c **** 
  12:Core/Src/NOS_Strip_UART.c ****     if(command != NULL)
  13:Core/Src/NOS_Strip_UART.c ****     {
  14:Core/Src/NOS_Strip_UART.c ****             switch (command[3])
  15:Core/Src/NOS_Strip_UART.c ****             {
  16:Core/Src/NOS_Strip_UART.c ****             case CHECK_CONNECTION:
  17:Core/Src/NOS_Strip_UART.c ****                 return "ready!";
  18:Core/Src/NOS_Strip_UART.c ****             
  19:Core/Src/NOS_Strip_UART.c ****             case SET_ONE_PIXEL_COLOR_COMMAND:
  20:Core/Src/NOS_Strip_UART.c **** 
  21:Core/Src/NOS_Strip_UART.c ****                 //pixelPos 
  22:Core/Src/NOS_Strip_UART.c ****                 tempShort.bytes[1] = command[4];
  23:Core/Src/NOS_Strip_UART.c ****                 tempShort.bytes[0] = command[5];
  24:Core/Src/NOS_Strip_UART.c ****                 tempInt1 = tempShort.data;
  25:Core/Src/NOS_Strip_UART.c **** 
  26:Core/Src/NOS_Strip_UART.c ****                 //color
  27:Core/Src/NOS_Strip_UART.c ****                 r = command[6];
  28:Core/Src/NOS_Strip_UART.c ****                 g = command[7];
  29:Core/Src/NOS_Strip_UART.c ****                 b = command[8];
  30:Core/Src/NOS_Strip_UART.c **** 
  31:Core/Src/NOS_Strip_UART.c ****                 NOS_WS2812B_Strip_SetPixel(strip,tempInt1,r,g,b);
ARM GAS  C:\Users\igorn\AppData\Local\Temp\ccSw6G5B.s 			page 2


  32:Core/Src/NOS_Strip_UART.c ****                 break;
  33:Core/Src/NOS_Strip_UART.c **** 
  34:Core/Src/NOS_Strip_UART.c ****             case SET_ROW_PIXEL_COLOR_COMMAND:
  35:Core/Src/NOS_Strip_UART.c **** 
  36:Core/Src/NOS_Strip_UART.c ****                 //pixelPos
  37:Core/Src/NOS_Strip_UART.c ****                 tempShort.bytes[1] = command[currPos++];
  38:Core/Src/NOS_Strip_UART.c ****                 tempShort.bytes[0] = command[currPos++];
  39:Core/Src/NOS_Strip_UART.c ****                 tempInt1 = tempShort.data;
  40:Core/Src/NOS_Strip_UART.c **** 
  41:Core/Src/NOS_Strip_UART.c ****                 //pixelCount
  42:Core/Src/NOS_Strip_UART.c ****                 tempShort.bytes[1] = command[currPos++];
  43:Core/Src/NOS_Strip_UART.c ****                 tempShort.bytes[0] = command[currPos++];
  44:Core/Src/NOS_Strip_UART.c ****                 tempInt2 = tempShort.data;
  45:Core/Src/NOS_Strip_UART.c **** 
  46:Core/Src/NOS_Strip_UART.c ****                 //color
  47:Core/Src/NOS_Strip_UART.c ****                 r = command[currPos++];
  48:Core/Src/NOS_Strip_UART.c ****                 g = command[currPos++];
  49:Core/Src/NOS_Strip_UART.c ****                 b = command[currPos++];
  50:Core/Src/NOS_Strip_UART.c **** 
  51:Core/Src/NOS_Strip_UART.c ****                 //fill in row
  52:Core/Src/NOS_Strip_UART.c ****                 for(int i = tempInt1; i < tempInt2; i++)
  53:Core/Src/NOS_Strip_UART.c ****                 {
  54:Core/Src/NOS_Strip_UART.c ****                     NOS_WS2812B_Strip_SetPixel(strip,i,r,g,b);
  55:Core/Src/NOS_Strip_UART.c ****                 }
  56:Core/Src/NOS_Strip_UART.c **** 
  57:Core/Src/NOS_Strip_UART.c ****                 break;
  58:Core/Src/NOS_Strip_UART.c **** 
  59:Core/Src/NOS_Strip_UART.c ****             case SET_ALL_PIXEL_ONE_COLOR_COMMAND:
  60:Core/Src/NOS_Strip_UART.c **** 
  61:Core/Src/NOS_Strip_UART.c ****                 //color
  62:Core/Src/NOS_Strip_UART.c ****                 r = command[currPos++];
  63:Core/Src/NOS_Strip_UART.c ****                 g = command[currPos++];
  64:Core/Src/NOS_Strip_UART.c ****                 b = command[currPos++];
  65:Core/Src/NOS_Strip_UART.c **** 
  66:Core/Src/NOS_Strip_UART.c ****                 //fill all pixels
  67:Core/Src/NOS_Strip_UART.c ****                 for(int i = 0; i < strip->pixelCount; i++)
  68:Core/Src/NOS_Strip_UART.c ****                 {
  69:Core/Src/NOS_Strip_UART.c ****                     NOS_WS2812B_Strip_SetPixel(strip,i,r,g,b);
  70:Core/Src/NOS_Strip_UART.c ****                 }
  71:Core/Src/NOS_Strip_UART.c **** 
  72:Core/Src/NOS_Strip_UART.c ****                 break;
  73:Core/Src/NOS_Strip_UART.c **** 
  74:Core/Src/NOS_Strip_UART.c ****             case SET_BRIGHT_COMMAND:
  75:Core/Src/NOS_Strip_UART.c **** 
  76:Core/Src/NOS_Strip_UART.c ****                 NOS_WS2812B_Strip_SetBright(strip,command[currPos++]);
  77:Core/Src/NOS_Strip_UART.c **** 
  78:Core/Src/NOS_Strip_UART.c ****                 break;
  79:Core/Src/NOS_Strip_UART.c **** 
  80:Core/Src/NOS_Strip_UART.c ****             case SET_ALL_PIXEL_COMMAND:
  81:Core/Src/NOS_Strip_UART.c **** 
  82:Core/Src/NOS_Strip_UART.c ****                 strip->bright = 100;
  83:Core/Src/NOS_Strip_UART.c ****                 strip->effects[0].enabled = false;
  84:Core/Src/NOS_Strip_UART.c ****                 strip->effects[1].enabled = false;
  85:Core/Src/NOS_Strip_UART.c ****                 //Pixel count
  86:Core/Src/NOS_Strip_UART.c ****                 tempShort.bytes[1] = command[currPos++];
  87:Core/Src/NOS_Strip_UART.c ****                 tempShort.bytes[0] = command[currPos++];
  88:Core/Src/NOS_Strip_UART.c ****                 tempInt1 = tempShort.data;
ARM GAS  C:\Users\igorn\AppData\Local\Temp\ccSw6G5B.s 			page 3


  89:Core/Src/NOS_Strip_UART.c **** 
  90:Core/Src/NOS_Strip_UART.c ****                 if(tempInt1 <= strip->pixelCount)
  91:Core/Src/NOS_Strip_UART.c ****                 {
  92:Core/Src/NOS_Strip_UART.c ****                     for(int i = 0; i < tempInt1; i++)
  93:Core/Src/NOS_Strip_UART.c ****                     {
  94:Core/Src/NOS_Strip_UART.c ****                         r = command[currPos++];
  95:Core/Src/NOS_Strip_UART.c ****                         g = command[currPos++];
  96:Core/Src/NOS_Strip_UART.c ****                         b = command[currPos++];
  97:Core/Src/NOS_Strip_UART.c **** 
  98:Core/Src/NOS_Strip_UART.c ****                         NOS_WS2812B_Strip_SetPixel(strip,i,r,g,b);
  99:Core/Src/NOS_Strip_UART.c ****                     }
 100:Core/Src/NOS_Strip_UART.c ****                 }
 101:Core/Src/NOS_Strip_UART.c **** 
 102:Core/Src/NOS_Strip_UART.c ****             case SET_BREATHE_EFFECT_COMMAND:
 103:Core/Src/NOS_Strip_UART.c **** 
 104:Core/Src/NOS_Strip_UART.c ****                 uint8_t pos = command[currPos++];
 105:Core/Src/NOS_Strip_UART.c **** 
 106:Core/Src/NOS_Strip_UART.c ****                 tempShort.bytes[1] = command[currPos++];
 107:Core/Src/NOS_Strip_UART.c ****                 tempShort.bytes[0] = command[currPos++];
 108:Core/Src/NOS_Strip_UART.c ****                 uint16_t speed = tempShort.data;
 109:Core/Src/NOS_Strip_UART.c **** 
 110:Core/Src/NOS_Strip_UART.c ****                 tempShort.bytes[1] = command[currPos++];
 111:Core/Src/NOS_Strip_UART.c ****                 tempShort.bytes[0] = command[currPos++];
 112:Core/Src/NOS_Strip_UART.c ****                 uint16_t step = tempShort.data;
 113:Core/Src/NOS_Strip_UART.c **** 
 114:Core/Src/NOS_Strip_UART.c ****                 tempShort.bytes[1] = command[currPos++];
 115:Core/Src/NOS_Strip_UART.c ****                 tempShort.bytes[0] = command[currPos++];
 116:Core/Src/NOS_Strip_UART.c ****                 uint16_t min = tempShort.data;
 117:Core/Src/NOS_Strip_UART.c **** 
 118:Core/Src/NOS_Strip_UART.c ****                 tempShort.bytes[1] = command[currPos++];
 119:Core/Src/NOS_Strip_UART.c ****                 tempShort.bytes[0] = command[currPos++];
 120:Core/Src/NOS_Strip_UART.c ****                 uint16_t max = tempShort.data;
 121:Core/Src/NOS_Strip_UART.c **** 
 122:Core/Src/NOS_Strip_UART.c ****                 Effect_Struct tempEffect = {0};
 123:Core/Src/NOS_Strip_UART.c ****                 tempEffect.effectId = EFFECT_BREATHE_ID;
 124:Core/Src/NOS_Strip_UART.c ****                 NOS_WS2812B_Strip_Effect_Breathe_Init(&tempEffect,speed,step,min,max);
 125:Core/Src/NOS_Strip_UART.c ****                 NOS_WS2812B_Strip_Effects_UpdateEffect(strip,tempEffect,pos);
 126:Core/Src/NOS_Strip_UART.c **** 
 127:Core/Src/NOS_Strip_UART.c ****                 break;
 128:Core/Src/NOS_Strip_UART.c **** 
 129:Core/Src/NOS_Strip_UART.c ****                 case SET_RAINBOW_EFFECT_COMMAND:
 130:Core/Src/NOS_Strip_UART.c **** 
 131:Core/Src/NOS_Strip_UART.c ****                 pos = command[currPos++];
 132:Core/Src/NOS_Strip_UART.c **** 
 133:Core/Src/NOS_Strip_UART.c ****                 tempShort.bytes[1] = command[currPos++];
 134:Core/Src/NOS_Strip_UART.c ****                 tempShort.bytes[0] = command[currPos++];
 135:Core/Src/NOS_Strip_UART.c ****                 speed = tempShort.data;
 136:Core/Src/NOS_Strip_UART.c **** 
 137:Core/Src/NOS_Strip_UART.c ****                 tempShort.bytes[1] = command[currPos++];
 138:Core/Src/NOS_Strip_UART.c ****                 tempShort.bytes[0] = command[currPos++];
 139:Core/Src/NOS_Strip_UART.c ****                 step = tempShort.data;
 140:Core/Src/NOS_Strip_UART.c **** 
 141:Core/Src/NOS_Strip_UART.c ****                 tempShort.bytes[1] = command[currPos++];
 142:Core/Src/NOS_Strip_UART.c ****                 tempShort.bytes[0] = command[currPos++];
 143:Core/Src/NOS_Strip_UART.c ****                 min = tempShort.data;
 144:Core/Src/NOS_Strip_UART.c **** 
 145:Core/Src/NOS_Strip_UART.c ****                 tempShort.bytes[1] = command[currPos++];
ARM GAS  C:\Users\igorn\AppData\Local\Temp\ccSw6G5B.s 			page 4


 146:Core/Src/NOS_Strip_UART.c ****                 tempShort.bytes[0] = command[currPos++];
 147:Core/Src/NOS_Strip_UART.c ****                 max = tempShort.data;
 148:Core/Src/NOS_Strip_UART.c **** 
 149:Core/Src/NOS_Strip_UART.c ****                 tempEffect.effectId = EFFECT_RAINBOW_ID;
 150:Core/Src/NOS_Strip_UART.c ****                 NOS_WS2812B_Strip_Effect_Rainbow_Init(&tempEffect,speed,step,min,max);
 151:Core/Src/NOS_Strip_UART.c ****                 NOS_WS2812B_Strip_Effects_UpdateEffect(strip,tempEffect,pos);
 152:Core/Src/NOS_Strip_UART.c **** 
 153:Core/Src/NOS_Strip_UART.c ****                 break;
 154:Core/Src/NOS_Strip_UART.c **** 
 155:Core/Src/NOS_Strip_UART.c ****                 case SET_EFFECT_ACTIVE:
 156:Core/Src/NOS_Strip_UART.c **** 
 157:Core/Src/NOS_Strip_UART.c ****                 pos = command[currPos++];
 158:Core/Src/NOS_Strip_UART.c **** 
 159:Core/Src/NOS_Strip_UART.c ****                 uint8_t state = command[currPos++];
 160:Core/Src/NOS_Strip_UART.c **** 
 161:Core/Src/NOS_Strip_UART.c ****                 if(state == 0xFF)
 162:Core/Src/NOS_Strip_UART.c ****                 {
 163:Core/Src/NOS_Strip_UART.c ****                     strip->effects[pos].enabled = true;
 164:Core/Src/NOS_Strip_UART.c ****                 }
 165:Core/Src/NOS_Strip_UART.c ****                 else
 166:Core/Src/NOS_Strip_UART.c ****                 {
 167:Core/Src/NOS_Strip_UART.c ****                     strip->effects[pos].enabled = false;
 168:Core/Src/NOS_Strip_UART.c ****                 }
 169:Core/Src/NOS_Strip_UART.c **** 
 170:Core/Src/NOS_Strip_UART.c ****                 break;
 171:Core/Src/NOS_Strip_UART.c ****                       
 172:Core/Src/NOS_Strip_UART.c ****             default:
 173:Core/Src/NOS_Strip_UART.c ****                 return false;
 174:Core/Src/NOS_Strip_UART.c ****                 break;
 175:Core/Src/NOS_Strip_UART.c ****             }
 176:Core/Src/NOS_Strip_UART.c **** 
 177:Core/Src/NOS_Strip_UART.c **** 
 178:Core/Src/NOS_Strip_UART.c ****         }
 179:Core/Src/NOS_Strip_UART.c **** }
 180:Core/Src/NOS_Strip_UART.c **** */
 181:Core/Src/NOS_Strip_UART.c **** 
 182:Core/Src/NOS_Strip_UART.c **** bool NOS_Strip_UART_ParseCommand(WS2812B_Strip* strip,UART_Message* message)
 183:Core/Src/NOS_Strip_UART.c **** {
  28              		.loc 1 183 1 view -0
  29              		.cfi_startproc
  30              		@ args = 0, pretend = 0, frame = 32
  31              		@ frame_needed = 0, uses_anonymous_args = 0
  32              		.loc 1 183 1 is_stmt 0 view .LVU1
  33 0000 2DE9F04F 		push	{r4, r5, r6, r7, r8, r9, r10, fp, lr}
  34              		.cfi_def_cfa_offset 36
  35              		.cfi_offset 4, -36
  36              		.cfi_offset 5, -32
  37              		.cfi_offset 6, -28
  38              		.cfi_offset 7, -24
  39              		.cfi_offset 8, -20
  40              		.cfi_offset 9, -16
  41              		.cfi_offset 10, -12
  42              		.cfi_offset 11, -8
  43              		.cfi_offset 14, -4
  44 0004 8FB0     		sub	sp, sp, #60
  45              		.cfi_def_cfa_offset 96
  46 0006 0646     		mov	r6, r0
ARM GAS  C:\Users\igorn\AppData\Local\Temp\ccSw6G5B.s 			page 5


  47 0008 0C46     		mov	r4, r1
 184:Core/Src/NOS_Strip_UART.c ****     int currPos = 0;
  48              		.loc 1 184 5 is_stmt 1 view .LVU2
  49              	.LVL1:
 185:Core/Src/NOS_Strip_UART.c ****     NOS_Short tempShort;
  50              		.loc 1 185 5 view .LVU3
 186:Core/Src/NOS_Strip_UART.c ****     
 187:Core/Src/NOS_Strip_UART.c ****     switch (message->command.data)
  51              		.loc 1 187 5 view .LVU4
  52              		.loc 1 187 29 is_stmt 0 view .LVU5
  53 000a CB68     		ldr	r3, [r1, #12]
  54              		.loc 1 187 5 view .LVU6
  55 000c 303B     		subs	r3, r3, #48
  56 000e 212B     		cmp	r3, #33
  57 0010 00F22281 		bhi	.L2
  58 0014 DFE813F0 		tbh	[pc, r3, lsl #1]
  59              	.L4:
  60 0018 AE00     		.2byte	(.L9-.L4)/2
  61 001a BF00     		.2byte	(.L8-.L4)/2
  62 001c E200     		.2byte	(.L7-.L4)/2
  63 001e 2001     		.2byte	(.L2-.L4)/2
  64 0020 2001     		.2byte	(.L2-.L4)/2
  65 0022 F400     		.2byte	(.L6-.L4)/2
  66 0024 2001     		.2byte	(.L2-.L4)/2
  67 0026 2001     		.2byte	(.L2-.L4)/2
  68 0028 2001     		.2byte	(.L2-.L4)/2
  69 002a 2001     		.2byte	(.L2-.L4)/2
  70 002c 2001     		.2byte	(.L2-.L4)/2
  71 002e 2001     		.2byte	(.L2-.L4)/2
  72 0030 2001     		.2byte	(.L2-.L4)/2
  73 0032 2001     		.2byte	(.L2-.L4)/2
  74 0034 2001     		.2byte	(.L2-.L4)/2
  75 0036 2001     		.2byte	(.L2-.L4)/2
  76 0038 2001     		.2byte	(.L2-.L4)/2
  77 003a 2001     		.2byte	(.L2-.L4)/2
  78 003c 2001     		.2byte	(.L2-.L4)/2
  79 003e 2001     		.2byte	(.L2-.L4)/2
  80 0040 2001     		.2byte	(.L2-.L4)/2
  81 0042 2001     		.2byte	(.L2-.L4)/2
  82 0044 2001     		.2byte	(.L2-.L4)/2
  83 0046 2001     		.2byte	(.L2-.L4)/2
  84 0048 2001     		.2byte	(.L2-.L4)/2
  85 004a 2001     		.2byte	(.L2-.L4)/2
  86 004c 2001     		.2byte	(.L2-.L4)/2
  87 004e 2001     		.2byte	(.L2-.L4)/2
  88 0050 2001     		.2byte	(.L2-.L4)/2
  89 0052 2001     		.2byte	(.L2-.L4)/2
  90 0054 2001     		.2byte	(.L2-.L4)/2
  91 0056 2001     		.2byte	(.L2-.L4)/2
  92 0058 2200     		.2byte	(.L5-.L4)/2
  93 005a 6E00     		.2byte	(.L3-.L4)/2
  94              		.p2align 1
  95              	.L5:
  96              	.LBB2:
 188:Core/Src/NOS_Strip_UART.c ****     {
 189:Core/Src/NOS_Strip_UART.c ****     case SET_BREATHE_EFFECT_COMMAND:
 190:Core/Src/NOS_Strip_UART.c **** 
ARM GAS  C:\Users\igorn\AppData\Local\Temp\ccSw6G5B.s 			page 6


 191:Core/Src/NOS_Strip_UART.c ****             tempShort.bytes[1] = message->data[currPos++];
  97              		.loc 1 191 13 is_stmt 1 view .LVU7
  98              	.LVL2:
  99              		.loc 1 191 47 is_stmt 0 view .LVU8
 100 005c 0B7C     		ldrb	r3, [r1, #16]	@ zero_extendqisi2
 101              		.loc 1 191 32 view .LVU9
 102 005e 4FF0000B 		mov	fp, #0	@ movhi
 103              	.LVL3:
 104              		.loc 1 191 32 view .LVU10
 105 0062 63F30F2B 		bfi	fp, r3, #8, #8
 106              	.LVL4:
 192:Core/Src/NOS_Strip_UART.c ****             tempShort.bytes[0] = message->data[currPos++];
 107              		.loc 1 192 13 is_stmt 1 view .LVU11
 108              		.loc 1 192 47 is_stmt 0 view .LVU12
 109 0066 4B7C     		ldrb	r3, [r1, #17]	@ zero_extendqisi2
 110              		.loc 1 192 32 view .LVU13
 111 0068 63F3070B 		bfi	fp, r3, #0, #8
 193:Core/Src/NOS_Strip_UART.c ****             uint16_t pos = tempShort.data;
 112              		.loc 1 193 13 is_stmt 1 view .LVU14
 113              		.loc 1 193 22 is_stmt 0 view .LVU15
 114 006c 1FFA8BF5 		uxth	r5, fp
 115              	.LVL5:
 194:Core/Src/NOS_Strip_UART.c **** 
 195:Core/Src/NOS_Strip_UART.c ****             tempShort.bytes[1] = message->data[currPos++];
 116              		.loc 1 195 13 is_stmt 1 view .LVU16
 117              		.loc 1 195 47 is_stmt 0 view .LVU17
 118 0070 8B7C     		ldrb	r3, [r1, #18]	@ zero_extendqisi2
 119              		.loc 1 195 32 view .LVU18
 120 0072 63F30F2B 		bfi	fp, r3, #8, #8
 121              	.LVL6:
 196:Core/Src/NOS_Strip_UART.c ****             tempShort.bytes[0] = message->data[currPos++];
 122              		.loc 1 196 13 is_stmt 1 view .LVU19
 123              		.loc 1 196 47 is_stmt 0 view .LVU20
 124 0076 CB7C     		ldrb	r3, [r1, #19]	@ zero_extendqisi2
 125              		.loc 1 196 32 view .LVU21
 126 0078 63F3070B 		bfi	fp, r3, #0, #8
 197:Core/Src/NOS_Strip_UART.c ****             uint16_t speed = tempShort.data;
 127              		.loc 1 197 13 is_stmt 1 view .LVU22
 128              		.loc 1 197 22 is_stmt 0 view .LVU23
 129 007c 1FFA8BF8 		uxth	r8, fp
 130              	.LVL7:
 198:Core/Src/NOS_Strip_UART.c **** 
 199:Core/Src/NOS_Strip_UART.c ****             tempShort.bytes[1] = message->data[currPos++];
 131              		.loc 1 199 13 is_stmt 1 view .LVU24
 132              		.loc 1 199 47 is_stmt 0 view .LVU25
 133 0080 0B7D     		ldrb	r3, [r1, #20]	@ zero_extendqisi2
 134              		.loc 1 199 32 view .LVU26
 135 0082 63F30F2B 		bfi	fp, r3, #8, #8
 136              	.LVL8:
 200:Core/Src/NOS_Strip_UART.c ****             tempShort.bytes[0] = message->data[currPos++];
 137              		.loc 1 200 13 is_stmt 1 view .LVU27
 138              		.loc 1 200 47 is_stmt 0 view .LVU28
 139 0086 4B7D     		ldrb	r3, [r1, #21]	@ zero_extendqisi2
 140              		.loc 1 200 32 view .LVU29
 141 0088 63F3070B 		bfi	fp, r3, #0, #8
 201:Core/Src/NOS_Strip_UART.c ****             uint16_t step = tempShort.data;
 142              		.loc 1 201 13 is_stmt 1 view .LVU30
ARM GAS  C:\Users\igorn\AppData\Local\Temp\ccSw6G5B.s 			page 7


 143              		.loc 1 201 22 is_stmt 0 view .LVU31
 144 008c 1FFA8BF9 		uxth	r9, fp
 145              	.LVL9:
 202:Core/Src/NOS_Strip_UART.c **** 
 203:Core/Src/NOS_Strip_UART.c ****             tempShort.bytes[1] = message->data[currPos++];
 146              		.loc 1 203 13 is_stmt 1 view .LVU32
 147              		.loc 1 203 47 is_stmt 0 view .LVU33
 148 0090 8B7D     		ldrb	r3, [r1, #22]	@ zero_extendqisi2
 149              		.loc 1 203 32 view .LVU34
 150 0092 63F30F2B 		bfi	fp, r3, #8, #8
 151              	.LVL10:
 204:Core/Src/NOS_Strip_UART.c ****             tempShort.bytes[0] = message->data[currPos++];
 152              		.loc 1 204 13 is_stmt 1 view .LVU35
 153              		.loc 1 204 47 is_stmt 0 view .LVU36
 154 0096 CB7D     		ldrb	r3, [r1, #23]	@ zero_extendqisi2
 155              		.loc 1 204 32 view .LVU37
 156 0098 63F3070B 		bfi	fp, r3, #0, #8
 205:Core/Src/NOS_Strip_UART.c ****             uint16_t min = tempShort.data;
 157              		.loc 1 205 13 is_stmt 1 view .LVU38
 158              		.loc 1 205 22 is_stmt 0 view .LVU39
 159 009c 1FFA8BFA 		uxth	r10, fp
 160              	.LVL11:
 206:Core/Src/NOS_Strip_UART.c **** 
 207:Core/Src/NOS_Strip_UART.c ****             tempShort.bytes[1] = message->data[currPos++];
 161              		.loc 1 207 13 is_stmt 1 view .LVU40
 162              		.loc 1 207 47 is_stmt 0 view .LVU41
 163 00a0 0B7E     		ldrb	r3, [r1, #24]	@ zero_extendqisi2
 164              		.loc 1 207 32 view .LVU42
 165 00a2 63F30F2B 		bfi	fp, r3, #8, #8
 166              	.LVL12:
 208:Core/Src/NOS_Strip_UART.c ****             tempShort.bytes[0] = message->data[currPos++];
 167              		.loc 1 208 13 is_stmt 1 view .LVU43
 168              		.loc 1 208 47 is_stmt 0 view .LVU44
 169 00a6 4B7E     		ldrb	r3, [r1, #25]	@ zero_extendqisi2
 170              		.loc 1 208 32 view .LVU45
 171 00a8 63F3070B 		bfi	fp, r3, #0, #8
 209:Core/Src/NOS_Strip_UART.c ****             uint16_t max = tempShort.data;
 172              		.loc 1 209 13 is_stmt 1 view .LVU46
 173              		.loc 1 209 22 is_stmt 0 view .LVU47
 174 00ac 1FFA8BFB 		uxth	fp, fp
 175              	.LVL13:
 210:Core/Src/NOS_Strip_UART.c **** 
 211:Core/Src/NOS_Strip_UART.c ****             Effect_Struct tempEffect = {0};
 176              		.loc 1 211 13 is_stmt 1 view .LVU48
 177              		.loc 1 211 27 is_stmt 0 view .LVU49
 178 00b0 06AF     		add	r7, sp, #24
 179 00b2 2024     		movs	r4, #32
 180 00b4 2246     		mov	r2, r4
 181 00b6 0021     		movs	r1, #0
 182              	.LVL14:
 183              		.loc 1 211 27 view .LVU50
 184 00b8 3846     		mov	r0, r7
 185              	.LVL15:
 186              		.loc 1 211 27 view .LVU51
 187 00ba FFF7FEFF 		bl	memset
 188              	.LVL16:
 212:Core/Src/NOS_Strip_UART.c ****             tempEffect.effectId = EFFECT_BREATHE_ID;
ARM GAS  C:\Users\igorn\AppData\Local\Temp\ccSw6G5B.s 			page 8


 189              		.loc 1 212 13 is_stmt 1 view .LVU52
 190              		.loc 1 212 33 is_stmt 0 view .LVU53
 191 00be 8DF83740 		strb	r4, [sp, #55]
 213:Core/Src/NOS_Strip_UART.c ****             NOS_WS2812B_Strip_Effect_Breathe_Init(&tempEffect,speed,step,min,max);
 192              		.loc 1 213 13 is_stmt 1 view .LVU54
 193 00c2 CDF800B0 		str	fp, [sp]
 194 00c6 5346     		mov	r3, r10
 195 00c8 4A46     		mov	r2, r9
 196 00ca 4146     		mov	r1, r8
 197 00cc 3846     		mov	r0, r7
 198 00ce FFF7FEFF 		bl	NOS_WS2812B_Strip_Effect_Breathe_Init
 199              	.LVL17:
 214:Core/Src/NOS_Strip_UART.c ****             NOS_WS2812B_Strip_Effects_UpdateEffect(strip,tempEffect,pos);
 200              		.loc 1 214 13 view .LVU55
 201 00d2 EDB2     		uxtb	r5, r5
 202              	.LVL18:
 203              		.loc 1 214 13 is_stmt 0 view .LVU56
 204 00d4 0595     		str	r5, [sp, #20]
 205 00d6 6C46     		mov	r4, sp
 206 00d8 09AD     		add	r5, sp, #36
 207 00da 0FCD     		ldmia	r5!, {r0, r1, r2, r3}
 208 00dc 0FC4     		stmia	r4!, {r0, r1, r2, r3}
 209 00de 2B68     		ldr	r3, [r5]
 210 00e0 2360     		str	r3, [r4]
 211 00e2 97E80E00 		ldm	r7, {r1, r2, r3}
 212 00e6 3046     		mov	r0, r6
 213 00e8 FFF7FEFF 		bl	NOS_WS2812B_Strip_Effects_UpdateEffect
 214              	.LVL19:
 215:Core/Src/NOS_Strip_UART.c **** 
 216:Core/Src/NOS_Strip_UART.c ****             return true;       
 215              		.loc 1 216 13 is_stmt 1 view .LVU57
 216              	.L10:
 217              		.loc 1 216 20 is_stmt 0 discriminator 1 view .LVU58
 218 00ec 0120     		movs	r0, #1
 219              	.L17:
 220              	.LBE2:
 217:Core/Src/NOS_Strip_UART.c ****             break;
 218:Core/Src/NOS_Strip_UART.c ****     
 219:Core/Src/NOS_Strip_UART.c ****         case SET_RAINBOW_EFFECT_COMMAND:
 220:Core/Src/NOS_Strip_UART.c **** 
 221:Core/Src/NOS_Strip_UART.c ****             tempShort.bytes[1] = message->data[currPos++];
 222:Core/Src/NOS_Strip_UART.c ****             tempShort.bytes[0] = message->data[currPos++];
 223:Core/Src/NOS_Strip_UART.c ****             pos = tempShort.data;
 224:Core/Src/NOS_Strip_UART.c **** 
 225:Core/Src/NOS_Strip_UART.c ****             tempShort.bytes[1] = message->data[currPos++];
 226:Core/Src/NOS_Strip_UART.c ****             tempShort.bytes[0] = message->data[currPos++];
 227:Core/Src/NOS_Strip_UART.c ****             speed = tempShort.data;
 228:Core/Src/NOS_Strip_UART.c **** 
 229:Core/Src/NOS_Strip_UART.c ****             tempShort.bytes[1] = message->data[currPos++];
 230:Core/Src/NOS_Strip_UART.c ****             tempShort.bytes[0] = message->data[currPos++];
 231:Core/Src/NOS_Strip_UART.c ****             step = tempShort.data;
 232:Core/Src/NOS_Strip_UART.c **** 
 233:Core/Src/NOS_Strip_UART.c ****             tempShort.bytes[1] = message->data[currPos++];
 234:Core/Src/NOS_Strip_UART.c ****             tempShort.bytes[0] = message->data[currPos++];
 235:Core/Src/NOS_Strip_UART.c ****             min = tempShort.data;
 236:Core/Src/NOS_Strip_UART.c **** 
 237:Core/Src/NOS_Strip_UART.c ****             tempShort.bytes[1] = message->data[currPos++];
ARM GAS  C:\Users\igorn\AppData\Local\Temp\ccSw6G5B.s 			page 9


 238:Core/Src/NOS_Strip_UART.c ****             tempShort.bytes[0] = message->data[currPos++];
 239:Core/Src/NOS_Strip_UART.c ****             max = tempShort.data;
 240:Core/Src/NOS_Strip_UART.c **** 
 241:Core/Src/NOS_Strip_UART.c ****             tempEffect.effectId = EFFECT_RAINBOW_ID;
 242:Core/Src/NOS_Strip_UART.c ****             NOS_WS2812B_Strip_Effect_Rainbow_Init(&tempEffect,speed,step,min,max);
 243:Core/Src/NOS_Strip_UART.c ****             NOS_WS2812B_Strip_Effects_UpdateEffect(strip,tempEffect,pos);
 244:Core/Src/NOS_Strip_UART.c ****             return true;
 245:Core/Src/NOS_Strip_UART.c ****             break;
 246:Core/Src/NOS_Strip_UART.c **** 
 247:Core/Src/NOS_Strip_UART.c ****             
 248:Core/Src/NOS_Strip_UART.c ****         case SET_ONE_PIXEL_COLOR_COMMAND:
 249:Core/Src/NOS_Strip_UART.c **** 
 250:Core/Src/NOS_Strip_UART.c ****             //pixelPos 
 251:Core/Src/NOS_Strip_UART.c ****             tempShort.bytes[1] = message->data[currPos++];
 252:Core/Src/NOS_Strip_UART.c ****             tempShort.bytes[0] = message->data[currPos++];
 253:Core/Src/NOS_Strip_UART.c ****             int tempInt1 = tempShort.data;
 254:Core/Src/NOS_Strip_UART.c **** 
 255:Core/Src/NOS_Strip_UART.c ****             //color
 256:Core/Src/NOS_Strip_UART.c ****             uint8_t r = message->data[currPos++];
 257:Core/Src/NOS_Strip_UART.c ****             uint8_t g = message->data[currPos++];
 258:Core/Src/NOS_Strip_UART.c ****             uint8_t b = message->data[currPos++];
 259:Core/Src/NOS_Strip_UART.c **** 
 260:Core/Src/NOS_Strip_UART.c ****             NOS_WS2812B_Strip_SetPixel(strip,tempInt1,r,g,b);
 261:Core/Src/NOS_Strip_UART.c ****             return true;
 262:Core/Src/NOS_Strip_UART.c ****             break;
 263:Core/Src/NOS_Strip_UART.c **** 
 264:Core/Src/NOS_Strip_UART.c ****         case SET_ROW_PIXEL_COLOR_COMMAND:
 265:Core/Src/NOS_Strip_UART.c **** 
 266:Core/Src/NOS_Strip_UART.c ****             //pixelPos
 267:Core/Src/NOS_Strip_UART.c ****             tempShort.bytes[1] = message->data[currPos++];
 268:Core/Src/NOS_Strip_UART.c ****             tempShort.bytes[0] = message->data[currPos++];
 269:Core/Src/NOS_Strip_UART.c ****             tempInt1 = tempShort.data;
 270:Core/Src/NOS_Strip_UART.c **** 
 271:Core/Src/NOS_Strip_UART.c ****             //pixelCount
 272:Core/Src/NOS_Strip_UART.c ****             tempShort.bytes[1] = message->data[currPos++];
 273:Core/Src/NOS_Strip_UART.c ****             tempShort.bytes[0] = message->data[currPos++];
 274:Core/Src/NOS_Strip_UART.c ****             int tempInt2 = tempShort.data;
 275:Core/Src/NOS_Strip_UART.c **** 
 276:Core/Src/NOS_Strip_UART.c ****             //color
 277:Core/Src/NOS_Strip_UART.c ****             r = message->data[currPos++];
 278:Core/Src/NOS_Strip_UART.c ****             g = message->data[currPos++];
 279:Core/Src/NOS_Strip_UART.c ****             b = message->data[currPos++];
 280:Core/Src/NOS_Strip_UART.c **** 
 281:Core/Src/NOS_Strip_UART.c ****             //fill in row
 282:Core/Src/NOS_Strip_UART.c ****             for(int i = tempInt1; i < tempInt2; i++)
 283:Core/Src/NOS_Strip_UART.c ****             {
 284:Core/Src/NOS_Strip_UART.c ****                     NOS_WS2812B_Strip_SetPixel(strip,i,r,g,b);
 285:Core/Src/NOS_Strip_UART.c ****             }
 286:Core/Src/NOS_Strip_UART.c **** 
 287:Core/Src/NOS_Strip_UART.c ****             return true;
 288:Core/Src/NOS_Strip_UART.c ****             break;
 289:Core/Src/NOS_Strip_UART.c **** 
 290:Core/Src/NOS_Strip_UART.c ****         case SET_ALL_PIXEL_ONE_COLOR_COMMAND:
 291:Core/Src/NOS_Strip_UART.c **** 
 292:Core/Src/NOS_Strip_UART.c ****             //color
 293:Core/Src/NOS_Strip_UART.c ****             r = message->data[currPos++];
 294:Core/Src/NOS_Strip_UART.c ****             g = message->data[currPos++];
ARM GAS  C:\Users\igorn\AppData\Local\Temp\ccSw6G5B.s 			page 10


 295:Core/Src/NOS_Strip_UART.c ****             b = message->data[currPos++];
 296:Core/Src/NOS_Strip_UART.c **** 
 297:Core/Src/NOS_Strip_UART.c ****             //fill all pixels
 298:Core/Src/NOS_Strip_UART.c ****             for(int i = 0; i < strip->pixelCount; i++)
 299:Core/Src/NOS_Strip_UART.c ****             {
 300:Core/Src/NOS_Strip_UART.c ****                 NOS_WS2812B_Strip_SetPixel(strip,i,r,g,b);
 301:Core/Src/NOS_Strip_UART.c ****             }
 302:Core/Src/NOS_Strip_UART.c ****             return true;
 303:Core/Src/NOS_Strip_UART.c ****             break;
 304:Core/Src/NOS_Strip_UART.c **** 
 305:Core/Src/NOS_Strip_UART.c ****         case SET_ALL_PIXEL_COMMAND:
 306:Core/Src/NOS_Strip_UART.c **** 
 307:Core/Src/NOS_Strip_UART.c ****                 strip->bright = 100;
 308:Core/Src/NOS_Strip_UART.c ****                 strip->effects[0].enabled = false;
 309:Core/Src/NOS_Strip_UART.c ****                 strip->effects[1].enabled = false;
 310:Core/Src/NOS_Strip_UART.c ****                 //Pixel count
 311:Core/Src/NOS_Strip_UART.c ****                 tempShort.bytes[1] = message->data[currPos++];
 312:Core/Src/NOS_Strip_UART.c ****                 tempShort.bytes[0] = message->data[currPos++];
 313:Core/Src/NOS_Strip_UART.c ****                 tempInt1 = tempShort.data;
 314:Core/Src/NOS_Strip_UART.c **** 
 315:Core/Src/NOS_Strip_UART.c ****                 if(tempInt1 <= strip->pixelCount)
 316:Core/Src/NOS_Strip_UART.c ****                 {
 317:Core/Src/NOS_Strip_UART.c ****                     for(int i = 0; i < tempInt1; i++)
 318:Core/Src/NOS_Strip_UART.c ****                     {
 319:Core/Src/NOS_Strip_UART.c ****                         r = message->data[currPos++];
 320:Core/Src/NOS_Strip_UART.c ****                         g = message->data[currPos++];
 321:Core/Src/NOS_Strip_UART.c ****                         b = message->data[currPos++];
 322:Core/Src/NOS_Strip_UART.c **** 
 323:Core/Src/NOS_Strip_UART.c ****                         NOS_WS2812B_Strip_SetPixel(strip,i,r,g,b);
 324:Core/Src/NOS_Strip_UART.c ****                     }
 325:Core/Src/NOS_Strip_UART.c ****                 }
 326:Core/Src/NOS_Strip_UART.c ****             
 327:Core/Src/NOS_Strip_UART.c ****             return true;
 328:Core/Src/NOS_Strip_UART.c ****             break;
 329:Core/Src/NOS_Strip_UART.c **** 
 330:Core/Src/NOS_Strip_UART.c **** 
 331:Core/Src/NOS_Strip_UART.c ****     default:
 332:Core/Src/NOS_Strip_UART.c **** 
 333:Core/Src/NOS_Strip_UART.c ****         break;
 334:Core/Src/NOS_Strip_UART.c ****     }
 335:Core/Src/NOS_Strip_UART.c **** 
 336:Core/Src/NOS_Strip_UART.c ****     return false;
 337:Core/Src/NOS_Strip_UART.c **** }
 221              		.loc 1 337 1 view .LVU59
 222 00ee 0FB0     		add	sp, sp, #60
 223              		.cfi_remember_state
 224              		.cfi_def_cfa_offset 36
 225              		@ sp needed
 226 00f0 BDE8F08F 		pop	{r4, r5, r6, r7, r8, r9, r10, fp, pc}
 227              	.LVL20:
 228              	.L3:
 229              		.cfi_restore_state
 230              	.LBB7:
 217:Core/Src/NOS_Strip_UART.c ****             break;
 231              		.loc 1 217 13 is_stmt 1 view .LVU60
 221:Core/Src/NOS_Strip_UART.c ****             tempShort.bytes[0] = message->data[currPos++];
 232              		.loc 1 221 13 view .LVU61
ARM GAS  C:\Users\igorn\AppData\Local\Temp\ccSw6G5B.s 			page 11


 221:Core/Src/NOS_Strip_UART.c ****             tempShort.bytes[0] = message->data[currPos++];
 233              		.loc 1 221 47 is_stmt 0 view .LVU62
 234 00f4 0B7C     		ldrb	r3, [r1, #16]	@ zero_extendqisi2
 221:Core/Src/NOS_Strip_UART.c ****             tempShort.bytes[0] = message->data[currPos++];
 235              		.loc 1 221 32 view .LVU63
 236 00f6 4FF0000B 		mov	fp, #0	@ movhi
 221:Core/Src/NOS_Strip_UART.c ****             tempShort.bytes[0] = message->data[currPos++];
 237              		.loc 1 221 32 view .LVU64
 238 00fa 63F30F2B 		bfi	fp, r3, #8, #8
 239              	.LVL21:
 222:Core/Src/NOS_Strip_UART.c ****             pos = tempShort.data;
 240              		.loc 1 222 13 is_stmt 1 view .LVU65
 222:Core/Src/NOS_Strip_UART.c ****             pos = tempShort.data;
 241              		.loc 1 222 47 is_stmt 0 view .LVU66
 242 00fe 4B7C     		ldrb	r3, [r1, #17]	@ zero_extendqisi2
 222:Core/Src/NOS_Strip_UART.c ****             pos = tempShort.data;
 243              		.loc 1 222 32 view .LVU67
 244 0100 63F3070B 		bfi	fp, r3, #0, #8
 223:Core/Src/NOS_Strip_UART.c **** 
 245              		.loc 1 223 13 is_stmt 1 view .LVU68
 223:Core/Src/NOS_Strip_UART.c **** 
 246              		.loc 1 223 17 is_stmt 0 view .LVU69
 247 0104 1FFA8BF5 		uxth	r5, fp
 248              	.LVL22:
 225:Core/Src/NOS_Strip_UART.c ****             tempShort.bytes[0] = message->data[currPos++];
 249              		.loc 1 225 13 is_stmt 1 view .LVU70
 225:Core/Src/NOS_Strip_UART.c ****             tempShort.bytes[0] = message->data[currPos++];
 250              		.loc 1 225 47 is_stmt 0 view .LVU71
 251 0108 8B7C     		ldrb	r3, [r1, #18]	@ zero_extendqisi2
 225:Core/Src/NOS_Strip_UART.c ****             tempShort.bytes[0] = message->data[currPos++];
 252              		.loc 1 225 32 view .LVU72
 253 010a 63F30F2B 		bfi	fp, r3, #8, #8
 254              	.LVL23:
 226:Core/Src/NOS_Strip_UART.c ****             speed = tempShort.data;
 255              		.loc 1 226 13 is_stmt 1 view .LVU73
 226:Core/Src/NOS_Strip_UART.c ****             speed = tempShort.data;
 256              		.loc 1 226 47 is_stmt 0 view .LVU74
 257 010e CB7C     		ldrb	r3, [r1, #19]	@ zero_extendqisi2
 226:Core/Src/NOS_Strip_UART.c ****             speed = tempShort.data;
 258              		.loc 1 226 32 view .LVU75
 259 0110 63F3070B 		bfi	fp, r3, #0, #8
 227:Core/Src/NOS_Strip_UART.c **** 
 260              		.loc 1 227 13 is_stmt 1 view .LVU76
 227:Core/Src/NOS_Strip_UART.c **** 
 261              		.loc 1 227 19 is_stmt 0 view .LVU77
 262 0114 1FFA8BF1 		uxth	r1, fp
 263              	.LVL24:
 229:Core/Src/NOS_Strip_UART.c ****             tempShort.bytes[0] = message->data[currPos++];
 264              		.loc 1 229 13 is_stmt 1 view .LVU78
 229:Core/Src/NOS_Strip_UART.c ****             tempShort.bytes[0] = message->data[currPos++];
 265              		.loc 1 229 47 is_stmt 0 view .LVU79
 266 0118 237D     		ldrb	r3, [r4, #20]	@ zero_extendqisi2
 229:Core/Src/NOS_Strip_UART.c ****             tempShort.bytes[0] = message->data[currPos++];
 267              		.loc 1 229 32 view .LVU80
 268 011a 63F30F2B 		bfi	fp, r3, #8, #8
 269              	.LVL25:
 230:Core/Src/NOS_Strip_UART.c ****             step = tempShort.data;
ARM GAS  C:\Users\igorn\AppData\Local\Temp\ccSw6G5B.s 			page 12


 270              		.loc 1 230 13 is_stmt 1 view .LVU81
 230:Core/Src/NOS_Strip_UART.c ****             step = tempShort.data;
 271              		.loc 1 230 47 is_stmt 0 view .LVU82
 272 011e 637D     		ldrb	r3, [r4, #21]	@ zero_extendqisi2
 230:Core/Src/NOS_Strip_UART.c ****             step = tempShort.data;
 273              		.loc 1 230 32 view .LVU83
 274 0120 63F3070B 		bfi	fp, r3, #0, #8
 231:Core/Src/NOS_Strip_UART.c **** 
 275              		.loc 1 231 13 is_stmt 1 view .LVU84
 231:Core/Src/NOS_Strip_UART.c **** 
 276              		.loc 1 231 18 is_stmt 0 view .LVU85
 277 0124 1FFA8BF2 		uxth	r2, fp
 278              	.LVL26:
 233:Core/Src/NOS_Strip_UART.c ****             tempShort.bytes[0] = message->data[currPos++];
 279              		.loc 1 233 13 is_stmt 1 view .LVU86
 233:Core/Src/NOS_Strip_UART.c ****             tempShort.bytes[0] = message->data[currPos++];
 280              		.loc 1 233 47 is_stmt 0 view .LVU87
 281 0128 A37D     		ldrb	r3, [r4, #22]	@ zero_extendqisi2
 233:Core/Src/NOS_Strip_UART.c ****             tempShort.bytes[0] = message->data[currPos++];
 282              		.loc 1 233 32 view .LVU88
 283 012a 63F30F2B 		bfi	fp, r3, #8, #8
 284              	.LVL27:
 234:Core/Src/NOS_Strip_UART.c ****             min = tempShort.data;
 285              		.loc 1 234 13 is_stmt 1 view .LVU89
 234:Core/Src/NOS_Strip_UART.c ****             min = tempShort.data;
 286              		.loc 1 234 47 is_stmt 0 view .LVU90
 287 012e E37D     		ldrb	r3, [r4, #23]	@ zero_extendqisi2
 234:Core/Src/NOS_Strip_UART.c ****             min = tempShort.data;
 288              		.loc 1 234 32 view .LVU91
 289 0130 63F3070B 		bfi	fp, r3, #0, #8
 235:Core/Src/NOS_Strip_UART.c **** 
 290              		.loc 1 235 13 is_stmt 1 view .LVU92
 235:Core/Src/NOS_Strip_UART.c **** 
 291              		.loc 1 235 17 is_stmt 0 view .LVU93
 292 0134 1FFA8BF3 		uxth	r3, fp
 293              	.LVL28:
 237:Core/Src/NOS_Strip_UART.c ****             tempShort.bytes[0] = message->data[currPos++];
 294              		.loc 1 237 13 is_stmt 1 view .LVU94
 237:Core/Src/NOS_Strip_UART.c ****             tempShort.bytes[0] = message->data[currPos++];
 295              		.loc 1 237 47 is_stmt 0 view .LVU95
 296 0138 207E     		ldrb	r0, [r4, #24]	@ zero_extendqisi2
 297              	.LVL29:
 237:Core/Src/NOS_Strip_UART.c ****             tempShort.bytes[0] = message->data[currPos++];
 298              		.loc 1 237 32 view .LVU96
 299 013a 60F30F2B 		bfi	fp, r0, #8, #8
 300              	.LVL30:
 238:Core/Src/NOS_Strip_UART.c ****             max = tempShort.data;
 301              		.loc 1 238 13 is_stmt 1 view .LVU97
 238:Core/Src/NOS_Strip_UART.c ****             max = tempShort.data;
 302              		.loc 1 238 47 is_stmt 0 view .LVU98
 303 013e 607E     		ldrb	r0, [r4, #25]	@ zero_extendqisi2
 238:Core/Src/NOS_Strip_UART.c ****             max = tempShort.data;
 304              		.loc 1 238 32 view .LVU99
 305 0140 60F3070B 		bfi	fp, r0, #0, #8
 239:Core/Src/NOS_Strip_UART.c **** 
 306              		.loc 1 239 13 is_stmt 1 view .LVU100
 239:Core/Src/NOS_Strip_UART.c **** 
ARM GAS  C:\Users\igorn\AppData\Local\Temp\ccSw6G5B.s 			page 13


 307              		.loc 1 239 17 is_stmt 0 view .LVU101
 308 0144 1FFA8BF0 		uxth	r0, fp
 309              	.LVL31:
 241:Core/Src/NOS_Strip_UART.c ****             NOS_WS2812B_Strip_Effect_Rainbow_Init(&tempEffect,speed,step,min,max);
 310              		.loc 1 241 13 is_stmt 1 view .LVU102
 241:Core/Src/NOS_Strip_UART.c ****             NOS_WS2812B_Strip_Effect_Rainbow_Init(&tempEffect,speed,step,min,max);
 311              		.loc 1 241 33 is_stmt 0 view .LVU103
 312 0148 2124     		movs	r4, #33
 313              	.LVL32:
 241:Core/Src/NOS_Strip_UART.c ****             NOS_WS2812B_Strip_Effect_Rainbow_Init(&tempEffect,speed,step,min,max);
 314              		.loc 1 241 33 view .LVU104
 315 014a 8DF83740 		strb	r4, [sp, #55]
 242:Core/Src/NOS_Strip_UART.c ****             NOS_WS2812B_Strip_Effects_UpdateEffect(strip,tempEffect,pos);
 316              		.loc 1 242 13 is_stmt 1 view .LVU105
 317 014e 06AF     		add	r7, sp, #24
 318 0150 0090     		str	r0, [sp]
 319 0152 3846     		mov	r0, r7
 320 0154 FFF7FEFF 		bl	NOS_WS2812B_Strip_Effect_Rainbow_Init
 321              	.LVL33:
 243:Core/Src/NOS_Strip_UART.c ****             return true;
 322              		.loc 1 243 13 view .LVU106
 323 0158 EDB2     		uxtb	r5, r5
 324              	.LVL34:
 243:Core/Src/NOS_Strip_UART.c ****             return true;
 325              		.loc 1 243 13 is_stmt 0 view .LVU107
 326 015a 0595     		str	r5, [sp, #20]
 327 015c 6C46     		mov	r4, sp
 328 015e 09AD     		add	r5, sp, #36
 329 0160 0FCD     		ldmia	r5!, {r0, r1, r2, r3}
 330 0162 0FC4     		stmia	r4!, {r0, r1, r2, r3}
 331 0164 2B68     		ldr	r3, [r5]
 332 0166 2360     		str	r3, [r4]
 333 0168 97E80E00 		ldm	r7, {r1, r2, r3}
 334 016c 3046     		mov	r0, r6
 335 016e FFF7FEFF 		bl	NOS_WS2812B_Strip_Effects_UpdateEffect
 336              	.LVL35:
 244:Core/Src/NOS_Strip_UART.c ****             break;
 337              		.loc 1 244 13 is_stmt 1 view .LVU108
 244:Core/Src/NOS_Strip_UART.c ****             break;
 338              		.loc 1 244 20 is_stmt 0 view .LVU109
 339 0172 BBE7     		b	.L10
 340              	.LVL36:
 341              	.L9:
 245:Core/Src/NOS_Strip_UART.c **** 
 342              		.loc 1 245 13 is_stmt 1 view .LVU110
 251:Core/Src/NOS_Strip_UART.c ****             tempShort.bytes[0] = message->data[currPos++];
 343              		.loc 1 251 13 view .LVU111
 251:Core/Src/NOS_Strip_UART.c ****             tempShort.bytes[0] = message->data[currPos++];
 344              		.loc 1 251 47 is_stmt 0 view .LVU112
 345 0174 0B7C     		ldrb	r3, [r1, #16]	@ zero_extendqisi2
 251:Core/Src/NOS_Strip_UART.c ****             tempShort.bytes[0] = message->data[currPos++];
 346              		.loc 1 251 32 view .LVU113
 347 0176 4FF0000B 		mov	fp, #0	@ movhi
 251:Core/Src/NOS_Strip_UART.c ****             tempShort.bytes[0] = message->data[currPos++];
 348              		.loc 1 251 32 view .LVU114
 349 017a 63F30F2B 		bfi	fp, r3, #8, #8
 350              	.LVL37:
ARM GAS  C:\Users\igorn\AppData\Local\Temp\ccSw6G5B.s 			page 14


 252:Core/Src/NOS_Strip_UART.c ****             int tempInt1 = tempShort.data;
 351              		.loc 1 252 13 is_stmt 1 view .LVU115
 252:Core/Src/NOS_Strip_UART.c ****             int tempInt1 = tempShort.data;
 352              		.loc 1 252 47 is_stmt 0 view .LVU116
 353 017e 4B7C     		ldrb	r3, [r1, #17]	@ zero_extendqisi2
 252:Core/Src/NOS_Strip_UART.c ****             int tempInt1 = tempShort.data;
 354              		.loc 1 252 32 view .LVU117
 355 0180 63F3070B 		bfi	fp, r3, #0, #8
 253:Core/Src/NOS_Strip_UART.c **** 
 356              		.loc 1 253 13 is_stmt 1 view .LVU118
 357              	.LVL38:
 256:Core/Src/NOS_Strip_UART.c ****             uint8_t g = message->data[currPos++];
 358              		.loc 1 256 13 view .LVU119
 257:Core/Src/NOS_Strip_UART.c ****             uint8_t b = message->data[currPos++];
 359              		.loc 1 257 13 view .LVU120
 258:Core/Src/NOS_Strip_UART.c **** 
 360              		.loc 1 258 13 view .LVU121
 258:Core/Src/NOS_Strip_UART.c **** 
 361              		.loc 1 258 21 is_stmt 0 view .LVU122
 362 0184 0B7D     		ldrb	r3, [r1, #20]	@ zero_extendqisi2
 363              	.LVL39:
 260:Core/Src/NOS_Strip_UART.c ****             return true;
 364              		.loc 1 260 13 is_stmt 1 view .LVU123
 365 0186 0093     		str	r3, [sp]
 366              	.LVL40:
 260:Core/Src/NOS_Strip_UART.c ****             return true;
 367              		.loc 1 260 13 is_stmt 0 view .LVU124
 368 0188 CB7C     		ldrb	r3, [r1, #19]	@ zero_extendqisi2
 369              	.LVL41:
 260:Core/Src/NOS_Strip_UART.c ****             return true;
 370              		.loc 1 260 13 view .LVU125
 371 018a 8A7C     		ldrb	r2, [r1, #18]	@ zero_extendqisi2
 372 018c 1FFA8BF1 		uxth	r1, fp
 373              	.LVL42:
 260:Core/Src/NOS_Strip_UART.c ****             return true;
 374              		.loc 1 260 13 view .LVU126
 375 0190 FFF7FEFF 		bl	NOS_WS2812B_Strip_SetPixel
 376              	.LVL43:
 261:Core/Src/NOS_Strip_UART.c ****             break;
 377              		.loc 1 261 13 is_stmt 1 view .LVU127
 261:Core/Src/NOS_Strip_UART.c ****             break;
 378              		.loc 1 261 20 is_stmt 0 view .LVU128
 379 0194 AAE7     		b	.L10
 380              	.LVL44:
 381              	.L8:
 262:Core/Src/NOS_Strip_UART.c **** 
 382              		.loc 1 262 13 is_stmt 1 view .LVU129
 267:Core/Src/NOS_Strip_UART.c ****             tempShort.bytes[0] = message->data[currPos++];
 383              		.loc 1 267 13 view .LVU130
 267:Core/Src/NOS_Strip_UART.c ****             tempShort.bytes[0] = message->data[currPos++];
 384              		.loc 1 267 47 is_stmt 0 view .LVU131
 385 0196 0B7C     		ldrb	r3, [r1, #16]	@ zero_extendqisi2
 267:Core/Src/NOS_Strip_UART.c ****             tempShort.bytes[0] = message->data[currPos++];
 386              		.loc 1 267 32 view .LVU132
 387 0198 4FF0000B 		mov	fp, #0	@ movhi
 267:Core/Src/NOS_Strip_UART.c ****             tempShort.bytes[0] = message->data[currPos++];
 388              		.loc 1 267 32 view .LVU133
ARM GAS  C:\Users\igorn\AppData\Local\Temp\ccSw6G5B.s 			page 15


 389 019c 63F30F2B 		bfi	fp, r3, #8, #8
 390              	.LVL45:
 268:Core/Src/NOS_Strip_UART.c ****             tempInt1 = tempShort.data;
 391              		.loc 1 268 13 is_stmt 1 view .LVU134
 268:Core/Src/NOS_Strip_UART.c ****             tempInt1 = tempShort.data;
 392              		.loc 1 268 47 is_stmt 0 view .LVU135
 393 01a0 4B7C     		ldrb	r3, [r1, #17]	@ zero_extendqisi2
 268:Core/Src/NOS_Strip_UART.c ****             tempInt1 = tempShort.data;
 394              		.loc 1 268 32 view .LVU136
 395 01a2 63F3070B 		bfi	fp, r3, #0, #8
 269:Core/Src/NOS_Strip_UART.c **** 
 396              		.loc 1 269 13 is_stmt 1 view .LVU137
 269:Core/Src/NOS_Strip_UART.c **** 
 397              		.loc 1 269 33 is_stmt 0 view .LVU138
 398 01a6 1FFA8BF7 		uxth	r7, fp
 399              	.LVL46:
 272:Core/Src/NOS_Strip_UART.c ****             tempShort.bytes[0] = message->data[currPos++];
 400              		.loc 1 272 13 is_stmt 1 view .LVU139
 272:Core/Src/NOS_Strip_UART.c ****             tempShort.bytes[0] = message->data[currPos++];
 401              		.loc 1 272 47 is_stmt 0 view .LVU140
 402 01aa 8B7C     		ldrb	r3, [r1, #18]	@ zero_extendqisi2
 272:Core/Src/NOS_Strip_UART.c ****             tempShort.bytes[0] = message->data[currPos++];
 403              		.loc 1 272 32 view .LVU141
 404 01ac 63F30F2B 		bfi	fp, r3, #8, #8
 273:Core/Src/NOS_Strip_UART.c ****             int tempInt2 = tempShort.data;
 405              		.loc 1 273 13 is_stmt 1 view .LVU142
 406              	.LVL47:
 273:Core/Src/NOS_Strip_UART.c ****             int tempInt2 = tempShort.data;
 407              		.loc 1 273 47 is_stmt 0 view .LVU143
 408 01b0 CB7C     		ldrb	r3, [r1, #19]	@ zero_extendqisi2
 273:Core/Src/NOS_Strip_UART.c ****             int tempInt2 = tempShort.data;
 409              		.loc 1 273 32 view .LVU144
 410 01b2 63F3070B 		bfi	fp, r3, #0, #8
 274:Core/Src/NOS_Strip_UART.c **** 
 411              		.loc 1 274 13 is_stmt 1 view .LVU145
 274:Core/Src/NOS_Strip_UART.c **** 
 412              		.loc 1 274 37 is_stmt 0 view .LVU146
 413 01b6 1FFA8BFB 		uxth	fp, fp
 414              	.LVL48:
 277:Core/Src/NOS_Strip_UART.c ****             g = message->data[currPos++];
 415              		.loc 1 277 13 is_stmt 1 view .LVU147
 277:Core/Src/NOS_Strip_UART.c ****             g = message->data[currPos++];
 416              		.loc 1 277 15 is_stmt 0 view .LVU148
 417 01ba 91F81490 		ldrb	r9, [r1, #20]	@ zero_extendqisi2
 418              	.LVL49:
 278:Core/Src/NOS_Strip_UART.c ****             b = message->data[currPos++];
 419              		.loc 1 278 13 is_stmt 1 view .LVU149
 278:Core/Src/NOS_Strip_UART.c ****             b = message->data[currPos++];
 420              		.loc 1 278 15 is_stmt 0 view .LVU150
 421 01be 91F81580 		ldrb	r8, [r1, #21]	@ zero_extendqisi2
 422              	.LVL50:
 279:Core/Src/NOS_Strip_UART.c **** 
 423              		.loc 1 279 13 is_stmt 1 view .LVU151
 279:Core/Src/NOS_Strip_UART.c **** 
 424              		.loc 1 279 15 is_stmt 0 view .LVU152
 425 01c2 8C7D     		ldrb	r4, [r1, #22]	@ zero_extendqisi2
 426              	.LVL51:
ARM GAS  C:\Users\igorn\AppData\Local\Temp\ccSw6G5B.s 			page 16


 282:Core/Src/NOS_Strip_UART.c ****             {
 427              		.loc 1 282 13 is_stmt 1 view .LVU153
 428              	.LBB3:
 282:Core/Src/NOS_Strip_UART.c ****             {
 429              		.loc 1 282 17 view .LVU154
 282:Core/Src/NOS_Strip_UART.c ****             {
 430              		.loc 1 282 13 is_stmt 0 view .LVU155
 431 01c4 07E0     		b	.L11
 432              	.LVL52:
 433              	.L12:
 284:Core/Src/NOS_Strip_UART.c ****             }
 434              		.loc 1 284 21 is_stmt 1 discriminator 3 view .LVU156
 435 01c6 0094     		str	r4, [sp]
 436 01c8 4346     		mov	r3, r8
 437 01ca 4A46     		mov	r2, r9
 438 01cc 3946     		mov	r1, r7
 439 01ce 3046     		mov	r0, r6
 440 01d0 FFF7FEFF 		bl	NOS_WS2812B_Strip_SetPixel
 441              	.LVL53:
 282:Core/Src/NOS_Strip_UART.c ****             {
 442              		.loc 1 282 50 discriminator 3 view .LVU157
 443 01d4 0137     		adds	r7, r7, #1
 444              	.LVL54:
 445              	.L11:
 282:Core/Src/NOS_Strip_UART.c ****             {
 446              		.loc 1 282 37 discriminator 1 view .LVU158
 447 01d6 5F45     		cmp	r7, fp
 448 01d8 F5DB     		blt	.L12
 282:Core/Src/NOS_Strip_UART.c ****             {
 449              		.loc 1 282 37 is_stmt 0 discriminator 1 view .LVU159
 450 01da 87E7     		b	.L10
 451              	.LVL55:
 452              	.L7:
 282:Core/Src/NOS_Strip_UART.c ****             {
 453              		.loc 1 282 37 discriminator 1 view .LVU160
 454              	.LBE3:
 288:Core/Src/NOS_Strip_UART.c **** 
 455              		.loc 1 288 13 is_stmt 1 view .LVU161
 293:Core/Src/NOS_Strip_UART.c ****             g = message->data[currPos++];
 456              		.loc 1 293 13 view .LVU162
 293:Core/Src/NOS_Strip_UART.c ****             g = message->data[currPos++];
 457              		.loc 1 293 15 is_stmt 0 view .LVU163
 458 01dc 91F81080 		ldrb	r8, [r1, #16]	@ zero_extendqisi2
 459              	.LVL56:
 294:Core/Src/NOS_Strip_UART.c ****             b = message->data[currPos++];
 460              		.loc 1 294 13 is_stmt 1 view .LVU164
 294:Core/Src/NOS_Strip_UART.c ****             b = message->data[currPos++];
 461              		.loc 1 294 15 is_stmt 0 view .LVU165
 462 01e0 4F7C     		ldrb	r7, [r1, #17]	@ zero_extendqisi2
 463              	.LVL57:
 295:Core/Src/NOS_Strip_UART.c **** 
 464              		.loc 1 295 13 is_stmt 1 view .LVU166
 295:Core/Src/NOS_Strip_UART.c **** 
 465              		.loc 1 295 15 is_stmt 0 view .LVU167
 466 01e2 8D7C     		ldrb	r5, [r1, #18]	@ zero_extendqisi2
 467              	.LVL58:
 298:Core/Src/NOS_Strip_UART.c ****             {
ARM GAS  C:\Users\igorn\AppData\Local\Temp\ccSw6G5B.s 			page 17


 468              		.loc 1 298 13 is_stmt 1 view .LVU168
 469              	.LBB4:
 298:Core/Src/NOS_Strip_UART.c ****             {
 470              		.loc 1 298 17 view .LVU169
 298:Core/Src/NOS_Strip_UART.c ****             {
 471              		.loc 1 298 21 is_stmt 0 view .LVU170
 472 01e4 0024     		movs	r4, #0
 298:Core/Src/NOS_Strip_UART.c ****             {
 473              		.loc 1 298 13 view .LVU171
 474 01e6 07E0     		b	.L13
 475              	.LVL59:
 476              	.L14:
 300:Core/Src/NOS_Strip_UART.c ****             }
 477              		.loc 1 300 17 is_stmt 1 discriminator 3 view .LVU172
 478 01e8 0095     		str	r5, [sp]
 479 01ea 3B46     		mov	r3, r7
 480 01ec 4246     		mov	r2, r8
 481 01ee 2146     		mov	r1, r4
 482 01f0 3046     		mov	r0, r6
 483 01f2 FFF7FEFF 		bl	NOS_WS2812B_Strip_SetPixel
 484              	.LVL60:
 298:Core/Src/NOS_Strip_UART.c ****             {
 485              		.loc 1 298 52 discriminator 3 view .LVU173
 486 01f6 0134     		adds	r4, r4, #1
 487              	.LVL61:
 488              	.L13:
 298:Core/Src/NOS_Strip_UART.c ****             {
 489              		.loc 1 298 30 discriminator 1 view .LVU174
 298:Core/Src/NOS_Strip_UART.c ****             {
 490              		.loc 1 298 37 is_stmt 0 discriminator 1 view .LVU175
 491 01f8 B368     		ldr	r3, [r6, #8]
 298:Core/Src/NOS_Strip_UART.c ****             {
 492              		.loc 1 298 30 discriminator 1 view .LVU176
 493 01fa A342     		cmp	r3, r4
 494 01fc F4DC     		bgt	.L14
 495 01fe 75E7     		b	.L10
 496              	.LVL62:
 497              	.L6:
 298:Core/Src/NOS_Strip_UART.c ****             {
 498              		.loc 1 298 30 discriminator 1 view .LVU177
 499              	.LBE4:
 303:Core/Src/NOS_Strip_UART.c **** 
 500              		.loc 1 303 13 is_stmt 1 view .LVU178
 307:Core/Src/NOS_Strip_UART.c ****                 strip->effects[0].enabled = false;
 501              		.loc 1 307 17 view .LVU179
 307:Core/Src/NOS_Strip_UART.c ****                 strip->effects[0].enabled = false;
 502              		.loc 1 307 31 is_stmt 0 view .LVU180
 503 0200 6423     		movs	r3, #100
 504 0202 C360     		str	r3, [r0, #12]
 308:Core/Src/NOS_Strip_UART.c ****                 strip->effects[1].enabled = false;
 505              		.loc 1 308 17 is_stmt 1 view .LVU181
 308:Core/Src/NOS_Strip_UART.c ****                 strip->effects[1].enabled = false;
 506              		.loc 1 308 43 is_stmt 0 view .LVU182
 507 0204 0023     		movs	r3, #0
 508 0206 80F82E30 		strb	r3, [r0, #46]
 309:Core/Src/NOS_Strip_UART.c ****                 //Pixel count
 509              		.loc 1 309 17 is_stmt 1 view .LVU183
ARM GAS  C:\Users\igorn\AppData\Local\Temp\ccSw6G5B.s 			page 18


 309:Core/Src/NOS_Strip_UART.c ****                 //Pixel count
 510              		.loc 1 309 43 is_stmt 0 view .LVU184
 511 020a 80F84E30 		strb	r3, [r0, #78]
 311:Core/Src/NOS_Strip_UART.c ****                 tempShort.bytes[0] = message->data[currPos++];
 512              		.loc 1 311 17 is_stmt 1 view .LVU185
 513              	.LVL63:
 311:Core/Src/NOS_Strip_UART.c ****                 tempShort.bytes[0] = message->data[currPos++];
 514              		.loc 1 311 51 is_stmt 0 view .LVU186
 515 020e 0B7C     		ldrb	r3, [r1, #16]	@ zero_extendqisi2
 311:Core/Src/NOS_Strip_UART.c ****                 tempShort.bytes[0] = message->data[currPos++];
 516              		.loc 1 311 36 view .LVU187
 517 0210 4FF0000B 		mov	fp, #0	@ movhi
 311:Core/Src/NOS_Strip_UART.c ****                 tempShort.bytes[0] = message->data[currPos++];
 518              		.loc 1 311 36 view .LVU188
 519 0214 63F30F2B 		bfi	fp, r3, #8, #8
 520              	.LVL64:
 312:Core/Src/NOS_Strip_UART.c ****                 tempInt1 = tempShort.data;
 521              		.loc 1 312 17 is_stmt 1 view .LVU189
 312:Core/Src/NOS_Strip_UART.c ****                 tempInt1 = tempShort.data;
 522              		.loc 1 312 51 is_stmt 0 view .LVU190
 523 0218 4B7C     		ldrb	r3, [r1, #17]	@ zero_extendqisi2
 312:Core/Src/NOS_Strip_UART.c ****                 tempInt1 = tempShort.data;
 524              		.loc 1 312 36 view .LVU191
 525 021a 63F3070B 		bfi	fp, r3, #0, #8
 313:Core/Src/NOS_Strip_UART.c **** 
 526              		.loc 1 313 17 is_stmt 1 view .LVU192
 313:Core/Src/NOS_Strip_UART.c **** 
 527              		.loc 1 313 37 is_stmt 0 view .LVU193
 528 021e 1FFA8BF5 		uxth	r5, fp
 529              	.LVL65:
 315:Core/Src/NOS_Strip_UART.c ****                 {
 530              		.loc 1 315 17 is_stmt 1 view .LVU194
 315:Core/Src/NOS_Strip_UART.c ****                 {
 531              		.loc 1 315 37 is_stmt 0 view .LVU195
 532 0222 8368     		ldr	r3, [r0, #8]
 315:Core/Src/NOS_Strip_UART.c ****                 {
 533              		.loc 1 315 19 view .LVU196
 534 0224 AB42     		cmp	r3, r5
 535 0226 FFF661AF 		blt	.L10
 536              	.LBB5:
 317:Core/Src/NOS_Strip_UART.c ****                     {
 537              		.loc 1 317 29 view .LVU197
 538 022a 4FF00008 		mov	r8, #0
 539              	.LBE5:
 312:Core/Src/NOS_Strip_UART.c ****                 tempInt1 = tempShort.data;
 540              		.loc 1 312 59 view .LVU198
 541 022e 0227     		movs	r7, #2
 542 0230 0FE0     		b	.L15
 543              	.LVL66:
 544              	.L16:
 545              	.LBB6:
 319:Core/Src/NOS_Strip_UART.c ****                         g = message->data[currPos++];
 546              		.loc 1 319 25 is_stmt 1 discriminator 3 view .LVU199
 319:Core/Src/NOS_Strip_UART.c ****                         g = message->data[currPos++];
 547              		.loc 1 319 50 is_stmt 0 discriminator 3 view .LVU200
 548 0232 791C     		adds	r1, r7, #1
 549              	.LVL67:
ARM GAS  C:\Users\igorn\AppData\Local\Temp\ccSw6G5B.s 			page 19


 319:Core/Src/NOS_Strip_UART.c ****                         g = message->data[currPos++];
 550              		.loc 1 319 27 discriminator 3 view .LVU201
 551 0234 E219     		adds	r2, r4, r7
 552              	.LVL68:
 320:Core/Src/NOS_Strip_UART.c ****                         b = message->data[currPos++];
 553              		.loc 1 320 25 is_stmt 1 discriminator 3 view .LVU202
 320:Core/Src/NOS_Strip_UART.c ****                         b = message->data[currPos++];
 554              		.loc 1 320 50 is_stmt 0 discriminator 3 view .LVU203
 555 0236 BB1C     		adds	r3, r7, #2
 556              	.LVL69:
 320:Core/Src/NOS_Strip_UART.c ****                         b = message->data[currPos++];
 557              		.loc 1 320 27 discriminator 3 view .LVU204
 558 0238 2144     		add	r1, r1, r4
 559              	.LVL70:
 321:Core/Src/NOS_Strip_UART.c **** 
 560              		.loc 1 321 25 is_stmt 1 discriminator 3 view .LVU205
 321:Core/Src/NOS_Strip_UART.c **** 
 561              		.loc 1 321 27 is_stmt 0 discriminator 3 view .LVU206
 562 023a 2344     		add	r3, r3, r4
 563 023c 1B7C     		ldrb	r3, [r3, #16]	@ zero_extendqisi2
 564              	.LVL71:
 323:Core/Src/NOS_Strip_UART.c ****                     }
 565              		.loc 1 323 25 is_stmt 1 discriminator 3 view .LVU207
 566 023e 0093     		str	r3, [sp]
 567              	.LVL72:
 323:Core/Src/NOS_Strip_UART.c ****                     }
 568              		.loc 1 323 25 is_stmt 0 discriminator 3 view .LVU208
 569 0240 0B7C     		ldrb	r3, [r1, #16]	@ zero_extendqisi2
 570              	.LVL73:
 323:Core/Src/NOS_Strip_UART.c ****                     }
 571              		.loc 1 323 25 discriminator 3 view .LVU209
 572 0242 127C     		ldrb	r2, [r2, #16]	@ zero_extendqisi2
 573 0244 0337     		adds	r7, r7, #3
 574              	.LVL74:
 323:Core/Src/NOS_Strip_UART.c ****                     }
 575              		.loc 1 323 25 discriminator 3 view .LVU210
 576 0246 4146     		mov	r1, r8
 577 0248 3046     		mov	r0, r6
 578 024a FFF7FEFF 		bl	NOS_WS2812B_Strip_SetPixel
 579              	.LVL75:
 317:Core/Src/NOS_Strip_UART.c ****                     {
 580              		.loc 1 317 51 is_stmt 1 discriminator 3 view .LVU211
 581 024e 08F10108 		add	r8, r8, #1
 582              	.LVL76:
 583              	.L15:
 317:Core/Src/NOS_Strip_UART.c ****                     {
 584              		.loc 1 317 38 discriminator 1 view .LVU212
 585 0252 A845     		cmp	r8, r5
 586 0254 EDDB     		blt	.L16
 587 0256 49E7     		b	.L10
 588              	.LVL77:
 589              	.L2:
 317:Core/Src/NOS_Strip_UART.c ****                     {
 590              		.loc 1 317 38 is_stmt 0 discriminator 1 view .LVU213
 591              	.LBE6:
 328:Core/Src/NOS_Strip_UART.c **** 
 592              		.loc 1 328 13 is_stmt 1 view .LVU214
ARM GAS  C:\Users\igorn\AppData\Local\Temp\ccSw6G5B.s 			page 20


 333:Core/Src/NOS_Strip_UART.c ****     }
 593              		.loc 1 333 9 view .LVU215
 594              	.LBE7:
 336:Core/Src/NOS_Strip_UART.c **** }
 595              		.loc 1 336 5 view .LVU216
 336:Core/Src/NOS_Strip_UART.c **** }
 596              		.loc 1 336 12 is_stmt 0 view .LVU217
 597 0258 0020     		movs	r0, #0
 598              	.LVL78:
 336:Core/Src/NOS_Strip_UART.c **** }
 599              		.loc 1 336 12 view .LVU218
 600 025a 48E7     		b	.L17
 601              		.cfi_endproc
 602              	.LFE65:
 604              		.text
 605              	.Letext0:
 606              		.file 2 "c:\\users\\igorn\\appdata\\roaming\\code\\user\\globalstorage\\bmd.stm32-for-vscode\\@xpa
 607              		.file 3 "c:\\users\\igorn\\appdata\\roaming\\code\\user\\globalstorage\\bmd.stm32-for-vscode\\@xpa
 608              		.file 4 "Core/Inc/NOS_Typedefs.h"
 609              		.file 5 "Core/Inc/NOS_WS2812B_Strip.h"
 610              		.file 6 "<built-in>"
ARM GAS  C:\Users\igorn\AppData\Local\Temp\ccSw6G5B.s 			page 21


DEFINED SYMBOLS
                            *ABS*:00000000 NOS_Strip_UART.c
C:\Users\igorn\AppData\Local\Temp\ccSw6G5B.s:19     .text.NOS_Strip_UART_ParseCommand:00000000 $t
C:\Users\igorn\AppData\Local\Temp\ccSw6G5B.s:25     .text.NOS_Strip_UART_ParseCommand:00000000 NOS_Strip_UART_ParseCommand
C:\Users\igorn\AppData\Local\Temp\ccSw6G5B.s:60     .text.NOS_Strip_UART_ParseCommand:00000018 $d
C:\Users\igorn\AppData\Local\Temp\ccSw6G5B.s:94     .text.NOS_Strip_UART_ParseCommand:0000005c $t

UNDEFINED SYMBOLS
memset
NOS_WS2812B_Strip_Effect_Breathe_Init
NOS_WS2812B_Strip_Effects_UpdateEffect
NOS_WS2812B_Strip_Effect_Rainbow_Init
NOS_WS2812B_Strip_SetPixel
