ARM GAS  C:\Users\igorn\AppData\Local\Temp\ccHazhF3.s 			page 1


   1              		.cpu cortex-m3
   2              		.arch armv7-m
   3              		.fpu softvfp
   4              		.eabi_attribute 20, 1
   5              		.eabi_attribute 21, 1
   6              		.eabi_attribute 23, 3
   7              		.eabi_attribute 24, 1
   8              		.eabi_attribute 25, 1
   9              		.eabi_attribute 26, 1
  10              		.eabi_attribute 30, 1
  11              		.eabi_attribute 34, 1
  12              		.eabi_attribute 18, 4
  13              		.file	"NOS_Flash.c"
  14              		.text
  15              	.Ltext0:
  16              		.cfi_sections	.debug_frame
  17              		.file 1 "Core/Src/NOS_Flash.c"
  18              		.section	.text.NOS_Flash_Save_Block,"ax",%progbits
  19              		.align	1
  20              		.global	NOS_Flash_Save_Block
  21              		.syntax unified
  22              		.thumb
  23              		.thumb_func
  25              	NOS_Flash_Save_Block:
  26              	.LVL0:
  27              	.LFB65:
   1:Core/Src/NOS_Flash.c **** #include "NOS_Flash.h"
   2:Core/Src/NOS_Flash.c **** 
   3:Core/Src/NOS_Flash.c **** void NOS_Flash_Save_Block(uint32_t* data, uint32_t address,size_t size)
   4:Core/Src/NOS_Flash.c **** {
  28              		.loc 1 4 1 view -0
  29              		.cfi_startproc
  30              		@ args = 0, pretend = 0, frame = 32
  31              		@ frame_needed = 0, uses_anonymous_args = 0
  32              		.loc 1 4 1 is_stmt 0 view .LVU1
  33 0000 30B5     		push	{r4, r5, lr}
  34              		.cfi_def_cfa_offset 12
  35              		.cfi_offset 4, -12
  36              		.cfi_offset 5, -8
  37              		.cfi_offset 14, -4
  38 0002 89B0     		sub	sp, sp, #36
  39              		.cfi_def_cfa_offset 48
  40 0004 0546     		mov	r5, r0
  41 0006 0C46     		mov	r4, r1
   5:Core/Src/NOS_Flash.c ****       uint32_t data_to_FLASH[size];
  42              		.loc 1 5 7 is_stmt 1 view .LVU2
  43              	.LVL1:
   6:Core/Src/NOS_Flash.c **** 
   7:Core/Src/NOS_Flash.c **** 
   8:Core/Src/NOS_Flash.c **** 	  /* Unlock the Flash to enable the flash control register access *************/
   9:Core/Src/NOS_Flash.c **** 	  HAL_FLASH_Unlock();
  44              		.loc 1 9 4 view .LVU3
  45 0008 FFF7FEFF 		bl	HAL_FLASH_Unlock
  46              	.LVL2:
  10:Core/Src/NOS_Flash.c **** 
  11:Core/Src/NOS_Flash.c **** 	  /* Allow Access to option bytes sector */
  12:Core/Src/NOS_Flash.c **** 	  HAL_FLASH_OB_Unlock();
ARM GAS  C:\Users\igorn\AppData\Local\Temp\ccHazhF3.s 			page 2


  47              		.loc 1 12 4 view .LVU4
  48 000c FFF7FEFF 		bl	HAL_FLASH_OB_Unlock
  49              	.LVL3:
  13:Core/Src/NOS_Flash.c **** 
  14:Core/Src/NOS_Flash.c **** 	  /* Fill EraseInit structure*/
  15:Core/Src/NOS_Flash.c **** 	  FLASH_EraseInitTypeDef EraseInitStruct;
  50              		.loc 1 15 4 view .LVU5
  16:Core/Src/NOS_Flash.c **** 	  EraseInitStruct.TypeErase = FLASH_TYPEERASE_PAGES;
  51              		.loc 1 16 4 view .LVU6
  52              		.loc 1 16 30 is_stmt 0 view .LVU7
  53 0010 0023     		movs	r3, #0
  54 0012 0493     		str	r3, [sp, #16]
  17:Core/Src/NOS_Flash.c **** 	  EraseInitStruct.PageAddress = address;
  55              		.loc 1 17 4 is_stmt 1 view .LVU8
  56              		.loc 1 17 32 is_stmt 0 view .LVU9
  57 0014 0694     		str	r4, [sp, #24]
  18:Core/Src/NOS_Flash.c **** 	  EraseInitStruct.NbPages = 1;
  58              		.loc 1 18 4 is_stmt 1 view .LVU10
  59              		.loc 1 18 28 is_stmt 0 view .LVU11
  60 0016 0122     		movs	r2, #1
  61 0018 0792     		str	r2, [sp, #28]
  19:Core/Src/NOS_Flash.c **** 	  uint32_t PageError;
  62              		.loc 1 19 4 is_stmt 1 view .LVU12
  20:Core/Src/NOS_Flash.c **** 
  21:Core/Src/NOS_Flash.c **** 	  volatile uint32_t write_cnt=0, index=0;
  63              		.loc 1 21 4 view .LVU13
  64              		.loc 1 21 22 is_stmt 0 view .LVU14
  65 001a 0293     		str	r3, [sp, #8]
  66              		.loc 1 21 35 view .LVU15
  67 001c 0193     		str	r3, [sp, #4]
  22:Core/Src/NOS_Flash.c **** 
  23:Core/Src/NOS_Flash.c **** 	  volatile HAL_StatusTypeDef status;
  68              		.loc 1 23 4 is_stmt 1 view .LVU16
  24:Core/Src/NOS_Flash.c **** 	  status = HAL_FLASHEx_Erase(&EraseInitStruct, &PageError);
  69              		.loc 1 24 4 view .LVU17
  70              		.loc 1 24 13 is_stmt 0 view .LVU18
  71 001e 03A9     		add	r1, sp, #12
  72 0020 04A8     		add	r0, sp, #16
  73 0022 FFF7FEFF 		bl	HAL_FLASHEx_Erase
  74              	.LVL4:
  75              		.loc 1 24 11 view .LVU19
  76 0026 8DF80300 		strb	r0, [sp, #3]
  25:Core/Src/NOS_Flash.c ****       
  26:Core/Src/NOS_Flash.c **** 	  while(index < 8)
  77              		.loc 1 26 4 is_stmt 1 view .LVU20
  78              	.L3:
  79              		.loc 1 26 16 view .LVU21
  80 002a 019B     		ldr	r3, [sp, #4]
  81 002c 072B     		cmp	r3, #7
  82 002e 19D8     		bhi	.L7
  27:Core/Src/NOS_Flash.c **** 	  {
  28:Core/Src/NOS_Flash.c **** 		  if (status == HAL_OK)
  83              		.loc 1 28 5 view .LVU22
  84              		.loc 1 28 16 is_stmt 0 view .LVU23
  85 0030 9DF80330 		ldrb	r3, [sp, #3]	@ zero_extendqisi2
  86              		.loc 1 28 8 view .LVU24
  87 0034 002B     		cmp	r3, #0
ARM GAS  C:\Users\igorn\AppData\Local\Temp\ccHazhF3.s 			page 3


  88 0036 F8D1     		bne	.L3
  29:Core/Src/NOS_Flash.c **** 		  {
  30:Core/Src/NOS_Flash.c **** 			  status = HAL_FLASH_Program(FLASH_TYPEPROGRAM_WORD, address+write_cnt, data[index]);
  89              		.loc 1 30 6 is_stmt 1 view .LVU25
  90              		.loc 1 30 15 is_stmt 0 view .LVU26
  91 0038 0299     		ldr	r1, [sp, #8]
  92              		.loc 1 30 80 view .LVU27
  93 003a 019B     		ldr	r3, [sp, #4]
  94              		.loc 1 30 15 view .LVU28
  95 003c 55F82320 		ldr	r2, [r5, r3, lsl #2]
  96 0040 0023     		movs	r3, #0
  97 0042 2144     		add	r1, r1, r4
  98 0044 0220     		movs	r0, #2
  99 0046 FFF7FEFF 		bl	HAL_FLASH_Program
 100              	.LVL5:
 101              		.loc 1 30 13 view .LVU29
 102 004a 8DF80300 		strb	r0, [sp, #3]
  31:Core/Src/NOS_Flash.c **** 			  if(status == HAL_OK)
 103              		.loc 1 31 6 is_stmt 1 view .LVU30
 104              		.loc 1 31 16 is_stmt 0 view .LVU31
 105 004e 9DF80330 		ldrb	r3, [sp, #3]	@ zero_extendqisi2
 106              		.loc 1 31 8 view .LVU32
 107 0052 002B     		cmp	r3, #0
 108 0054 E9D1     		bne	.L3
  32:Core/Src/NOS_Flash.c **** 			  {
  33:Core/Src/NOS_Flash.c **** 				  write_cnt += 4;
 109              		.loc 1 33 7 is_stmt 1 view .LVU33
 110              		.loc 1 33 17 is_stmt 0 view .LVU34
 111 0056 029B     		ldr	r3, [sp, #8]
 112 0058 0433     		adds	r3, r3, #4
 113 005a 0293     		str	r3, [sp, #8]
  34:Core/Src/NOS_Flash.c **** 				  index++;
 114              		.loc 1 34 7 is_stmt 1 view .LVU35
 115              		.loc 1 34 12 is_stmt 0 view .LVU36
 116 005c 019B     		ldr	r3, [sp, #4]
 117 005e 0133     		adds	r3, r3, #1
 118 0060 0193     		str	r3, [sp, #4]
 119 0062 E2E7     		b	.L3
 120              	.L7:
  35:Core/Src/NOS_Flash.c **** 			  }
  36:Core/Src/NOS_Flash.c **** 		  }
  37:Core/Src/NOS_Flash.c **** 	  }
  38:Core/Src/NOS_Flash.c **** 
  39:Core/Src/NOS_Flash.c **** 	  HAL_FLASH_OB_Lock();
 121              		.loc 1 39 4 is_stmt 1 view .LVU37
 122 0064 FFF7FEFF 		bl	HAL_FLASH_OB_Lock
 123              	.LVL6:
  40:Core/Src/NOS_Flash.c **** 	  HAL_FLASH_Lock();
 124              		.loc 1 40 4 view .LVU38
 125 0068 FFF7FEFF 		bl	HAL_FLASH_Lock
 126              	.LVL7:
  41:Core/Src/NOS_Flash.c **** }
 127              		.loc 1 41 1 is_stmt 0 view .LVU39
 128 006c 09B0     		add	sp, sp, #36
 129              		.cfi_def_cfa_offset 12
 130              		@ sp needed
 131 006e 30BD     		pop	{r4, r5, pc}
ARM GAS  C:\Users\igorn\AppData\Local\Temp\ccHazhF3.s 			page 4


 132              		.loc 1 41 1 view .LVU40
 133              		.cfi_endproc
 134              	.LFE65:
 136              		.section	.text.NOS_Flash_Load_Block,"ax",%progbits
 137              		.align	1
 138              		.global	NOS_Flash_Load_Block
 139              		.syntax unified
 140              		.thumb
 141              		.thumb_func
 143              	NOS_Flash_Load_Block:
 144              	.LVL8:
 145              	.LFB66:
  42:Core/Src/NOS_Flash.c **** 
  43:Core/Src/NOS_Flash.c **** NOS_Flash_Load_Block(uint32_t* data,uint32_t address,size_t size)
  44:Core/Src/NOS_Flash.c **** {
 146              		.loc 1 44 1 is_stmt 1 view -0
 147              		.cfi_startproc
 148              		@ args = 0, pretend = 0, frame = 8
 149              		@ frame_needed = 0, uses_anonymous_args = 0
 150              		@ link register save eliminated.
 151              		.loc 1 44 1 is_stmt 0 view .LVU42
 152 0000 10B4     		push	{r4}
 153              		.cfi_def_cfa_offset 4
 154              		.cfi_offset 4, -4
 155 0002 83B0     		sub	sp, sp, #12
 156              		.cfi_def_cfa_offset 16
  45:Core/Src/NOS_Flash.c **** 	volatile uint32_t read_cnt=0;
 157              		.loc 1 45 2 is_stmt 1 view .LVU43
 158              		.loc 1 45 20 is_stmt 0 view .LVU44
 159 0004 0023     		movs	r3, #0
 160 0006 0193     		str	r3, [sp, #4]
  46:Core/Src/NOS_Flash.c **** 	
  47:Core/Src/NOS_Flash.c **** 	for(int i = 0; i < size/4 ; i++)
 161              		.loc 1 47 2 is_stmt 1 view .LVU45
 162              	.LBB2:
 163              		.loc 1 47 6 view .LVU46
 164              	.LVL9:
 165              		.loc 1 47 2 is_stmt 0 view .LVU47
 166 0008 07E0     		b	.L9
 167              	.LVL10:
 168              	.L10:
  48:Core/Src/NOS_Flash.c **** 	{
  49:Core/Src/NOS_Flash.c **** 			data[i] = *(uint32_t*)(address + read_cnt);
 169              		.loc 1 49 4 is_stmt 1 discriminator 3 view .LVU48
 170              		.loc 1 49 35 is_stmt 0 discriminator 3 view .LVU49
 171 000a 019C     		ldr	r4, [sp, #4]
 172              		.loc 1 49 14 discriminator 3 view .LVU50
 173 000c 6458     		ldr	r4, [r4, r1]
 174              		.loc 1 49 12 discriminator 3 view .LVU51
 175 000e 40F82340 		str	r4, [r0, r3, lsl #2]
  50:Core/Src/NOS_Flash.c **** 			read_cnt += 4;
 176              		.loc 1 50 4 is_stmt 1 discriminator 3 view .LVU52
 177              		.loc 1 50 13 is_stmt 0 discriminator 3 view .LVU53
 178 0012 019C     		ldr	r4, [sp, #4]
 179 0014 0434     		adds	r4, r4, #4
 180 0016 0194     		str	r4, [sp, #4]
  47:Core/Src/NOS_Flash.c **** 	{
ARM GAS  C:\Users\igorn\AppData\Local\Temp\ccHazhF3.s 			page 5


 181              		.loc 1 47 31 is_stmt 1 discriminator 3 view .LVU54
 182 0018 0133     		adds	r3, r3, #1
 183              	.LVL11:
 184              	.L9:
  47:Core/Src/NOS_Flash.c **** 	{
 185              		.loc 1 47 19 discriminator 1 view .LVU55
 186 001a B3EB920F 		cmp	r3, r2, lsr #2
 187 001e F4D3     		bcc	.L10
 188              	.LBE2:
  51:Core/Src/NOS_Flash.c **** 	}	
  52:Core/Src/NOS_Flash.c **** 
  53:Core/Src/NOS_Flash.c **** }
 189              		.loc 1 53 1 is_stmt 0 view .LVU56
 190 0020 03B0     		add	sp, sp, #12
 191              		.cfi_def_cfa_offset 4
 192              		@ sp needed
 193 0022 10BC     		pop	{r4}
 194              		.cfi_restore 4
 195              		.cfi_def_cfa_offset 0
 196 0024 7047     		bx	lr
 197              		.cfi_endproc
 198              	.LFE66:
 200              		.section	.text.NOS_Flash_Validate_Block,"ax",%progbits
 201              		.align	1
 202              		.global	NOS_Flash_Validate_Block
 203              		.syntax unified
 204              		.thumb
 205              		.thumb_func
 207              	NOS_Flash_Validate_Block:
 208              	.LVL12:
 209              	.LFB67:
  54:Core/Src/NOS_Flash.c **** 
  55:Core/Src/NOS_Flash.c **** bool NOS_Flash_Validate_Block(uint32_t address,size_t size)
  56:Core/Src/NOS_Flash.c **** {
 210              		.loc 1 56 1 is_stmt 1 view -0
 211              		.cfi_startproc
 212              		@ args = 0, pretend = 0, frame = 0
 213              		@ frame_needed = 0, uses_anonymous_args = 0
 214              		@ link register save eliminated.
  57:Core/Src/NOS_Flash.c **** 	bool validated = true;
 215              		.loc 1 57 2 view .LVU58
  58:Core/Src/NOS_Flash.c **** 	int _size = size / 4;
 216              		.loc 1 58 2 view .LVU59
 217              		.loc 1 58 19 is_stmt 0 view .LVU60
 218 0000 8908     		lsrs	r1, r1, #2
 219              	.LVL13:
  59:Core/Src/NOS_Flash.c **** 	
  60:Core/Src/NOS_Flash.c **** 	for(int i = 0; i < _size; i++)
 220              		.loc 1 60 2 is_stmt 1 view .LVU61
 221              	.LBB3:
 222              		.loc 1 60 6 view .LVU62
 223              		.loc 1 60 10 is_stmt 0 view .LVU63
 224 0002 0023     		movs	r3, #0
 225              		.loc 1 60 2 view .LVU64
 226 0004 00E0     		b	.L13
 227              	.LVL14:
 228              	.L14:
ARM GAS  C:\Users\igorn\AppData\Local\Temp\ccHazhF3.s 			page 6


  61:Core/Src/NOS_Flash.c **** 	{
  62:Core/Src/NOS_Flash.c **** 		if(*(uint32_t*)address == 0xFFFFFFFF)
 229              		.loc 1 62 3 is_stmt 1 view .LVU65
  60:Core/Src/NOS_Flash.c **** 	{
 230              		.loc 1 60 29 view .LVU66
 231 0006 0133     		adds	r3, r3, #1
 232              	.LVL15:
 233              	.L13:
  60:Core/Src/NOS_Flash.c **** 	{
 234              		.loc 1 60 19 discriminator 1 view .LVU67
 235 0008 8B42     		cmp	r3, r1
 236 000a FCDB     		blt	.L14
 237              	.LVL16:
  60:Core/Src/NOS_Flash.c **** 	{
 238              		.loc 1 60 19 is_stmt 0 discriminator 1 view .LVU68
 239              	.LBE3:
  63:Core/Src/NOS_Flash.c **** 		{
  64:Core/Src/NOS_Flash.c **** 			validated = false;
  65:Core/Src/NOS_Flash.c **** 		}
  66:Core/Src/NOS_Flash.c **** 	}
  67:Core/Src/NOS_Flash.c **** }...
 240              		.loc 1 67 1 view .LVU69
 241 000c 7047     		bx	lr
 242              		.cfi_endproc
 243              	.LFE67:
 245              		.text
 246              	.Letext0:
 247              		.file 2 "c:\\users\\igorn\\appdata\\roaming\\code\\user\\globalstorage\\bmd.stm32-for-vscode\\@xpa
 248              		.file 3 "c:\\users\\igorn\\appdata\\roaming\\code\\user\\globalstorage\\bmd.stm32-for-vscode\\@xpa
 249              		.file 4 "c:\\users\\igorn\\appdata\\roaming\\code\\user\\globalstorage\\bmd.stm32-for-vscode\\@xpa
 250              		.file 5 "Drivers/STM32F1xx_HAL_Driver/Inc/stm32f1xx_hal_def.h"
 251              		.file 6 "Drivers/STM32F1xx_HAL_Driver/Inc/stm32f1xx_hal_flash_ex.h"
 252              		.file 7 "Drivers/STM32F1xx_HAL_Driver/Inc/stm32f1xx_hal_flash.h"
ARM GAS  C:\Users\igorn\AppData\Local\Temp\ccHazhF3.s 			page 7


DEFINED SYMBOLS
                            *ABS*:00000000 NOS_Flash.c
C:\Users\igorn\AppData\Local\Temp\ccHazhF3.s:19     .text.NOS_Flash_Save_Block:00000000 $t
C:\Users\igorn\AppData\Local\Temp\ccHazhF3.s:25     .text.NOS_Flash_Save_Block:00000000 NOS_Flash_Save_Block
C:\Users\igorn\AppData\Local\Temp\ccHazhF3.s:137    .text.NOS_Flash_Load_Block:00000000 $t
C:\Users\igorn\AppData\Local\Temp\ccHazhF3.s:143    .text.NOS_Flash_Load_Block:00000000 NOS_Flash_Load_Block
C:\Users\igorn\AppData\Local\Temp\ccHazhF3.s:201    .text.NOS_Flash_Validate_Block:00000000 $t
C:\Users\igorn\AppData\Local\Temp\ccHazhF3.s:207    .text.NOS_Flash_Validate_Block:00000000 NOS_Flash_Validate_Block

UNDEFINED SYMBOLS
HAL_FLASH_Unlock
HAL_FLASH_OB_Unlock
HAL_FLASHEx_Erase
HAL_FLASH_Program
HAL_FLASH_OB_Lock
HAL_FLASH_Lock
