ARM GAS  C:\Users\igorn\AppData\Local\Temp\ccoWwiJ8.s 			page 1


   1              		.cpu cortex-m3
   2              		.arch armv7-m
   3              		.fpu softvfp
   4              		.eabi_attribute 20, 1
   5              		.eabi_attribute 21, 1
   6              		.eabi_attribute 23, 3
   7              		.eabi_attribute 24, 1
   8              		.eabi_attribute 25, 1
   9              		.eabi_attribute 26, 1
  10              		.eabi_attribute 30, 1
  11              		.eabi_attribute 34, 1
  12              		.eabi_attribute 18, 4
  13              		.file	"NOS_UART.c"
  14              		.text
  15              		.section	.text.NOS_UART_ReceiveReset,"ax",%progbits
  16              		.align	1
  17              		.global	NOS_UART_ReceiveReset
  18              		.syntax unified
  19              		.thumb
  20              		.thumb_func
  22              	NOS_UART_ReceiveReset:
  23              		@ args = 0, pretend = 0, frame = 0
  24              		@ frame_needed = 0, uses_anonymous_args = 0
  25              		@ link register save eliminated.
  26 0000 00F58053 		add	r3, r0, #4096
  27 0004 9968     		ldr	r1, [r3, #8]
  28 0006 5985     		strh	r1, [r3, #42]	@ movhi
  29 0008 9861     		str	r0, [r3, #24]
  30 000a 0022     		movs	r2, #0
  31 000c 9A60     		str	r2, [r3, #8]
  32 000e 0122     		movs	r2, #1
  33 0010 9A71     		strb	r2, [r3, #6]
  34 0012 7047     		bx	lr
  36              		.section	.text.NOS_UART_ContinueReceive,"ax",%progbits
  37              		.align	1
  38              		.global	NOS_UART_ContinueReceive
  39              		.syntax unified
  40              		.thumb
  41              		.thumb_func
  43              	NOS_UART_ContinueReceive:
  44              		@ args = 0, pretend = 0, frame = 0
  45              		@ frame_needed = 0, uses_anonymous_args = 0
  46 0000 00B5     		push	{lr}
  47 0002 00F58052 		add	r2, r0, #4096
  48 0006 9169     		ldr	r1, [r2, #24]
  49 0008 11F801CB 		ldrb	ip, [r1], #1	@ zero_extendqisi2
  50 000c D2F808E0 		ldr	lr, [r2, #8]
  51 0010 00F80EC0 		strb	ip, [r0, lr]
  52 0014 9161     		str	r1, [r2, #24]
  53 0016 5DF804FB 		ldr	pc, [sp], #4
  55              		.section	.text.NOS_UART_ReceiveAbort,"ax",%progbits
  56              		.align	1
  57              		.global	NOS_UART_ReceiveAbort
  58              		.syntax unified
  59              		.thumb
  60              		.thumb_func
  62              	NOS_UART_ReceiveAbort:
ARM GAS  C:\Users\igorn\AppData\Local\Temp\ccoWwiJ8.s 			page 2


  63              		@ args = 0, pretend = 0, frame = 0
  64              		@ frame_needed = 0, uses_anonymous_args = 0
  65 0000 10B5     		push	{r4, lr}
  66 0002 0446     		mov	r4, r0
  67 0004 0846     		mov	r0, r1
  68 0006 0023     		movs	r3, #0
  69 0008 02E0     		b	.L5
  70              	.L6:
  71 000a 0022     		movs	r2, #0
  72 000c E254     		strb	r2, [r4, r3]
  73 000e 0133     		adds	r3, r3, #1
  74              	.L5:
  75 0010 B3F5006F 		cmp	r3, #2048
  76 0014 F9DB     		blt	.L6
  77 0016 04F58053 		add	r3, r4, #4096
  78 001a 9C61     		str	r4, [r3, #24]
  79 001c 0022     		movs	r2, #0
  80 001e 1A60     		str	r2, [r3]
  81 0020 9A60     		str	r2, [r3, #8]
  82 0022 DA60     		str	r2, [r3, #12]
  83 0024 1A74     		strb	r2, [r3, #16]
  84 0026 5A74     		strb	r2, [r3, #17]
  85 0028 9A74     		strb	r2, [r3, #18]
  86 002a 9A71     		strb	r2, [r3, #6]
  87 002c 4FF4C872 		mov	r2, #400
  88 0030 1A62     		str	r2, [r3, #32]
  89 0032 0122     		movs	r2, #1
  90 0034 2146     		mov	r1, r4
  91 0036 FFF7FEFF 		bl	HAL_UART_Receive_IT
  92 003a 10BD     		pop	{r4, pc}
  94              		.section	.text.NOS_UART_Timer_Handler,"ax",%progbits
  95              		.align	1
  96              		.global	NOS_UART_Timer_Handler
  97              		.syntax unified
  98              		.thumb
  99              		.thumb_func
 101              	NOS_UART_Timer_Handler:
 102              		@ args = 0, pretend = 0, frame = 0
 103              		@ frame_needed = 0, uses_anonymous_args = 0
 104              		@ link register save eliminated.
 105 0000 00F58053 		add	r3, r0, #4096
 106 0004 1B7C     		ldrb	r3, [r3, #16]	@ zero_extendqisi2
 107 0006 5BB1     		cbz	r3, .L9
 108 0008 00F58053 		add	r3, r0, #4096
 109 000c 93F82930 		ldrb	r3, [r3, #41]	@ zero_extendqisi2
 110 0010 33B9     		cbnz	r3, .L9
 111 0012 00F58053 		add	r3, r0, #4096
 112 0016 0022     		movs	r2, #0
 113 0018 DA61     		str	r2, [r3, #28]
 114 001a 0122     		movs	r2, #1
 115 001c 83F82920 		strb	r2, [r3, #41]
 116              	.L9:
 117 0020 00F58053 		add	r3, r0, #4096
 118 0024 93F82930 		ldrb	r3, [r3, #41]	@ zero_extendqisi2
 119 0028 5BB1     		cbz	r3, .L10
 120 002a 00F58053 		add	r3, r0, #4096
 121 002e DA69     		ldr	r2, [r3, #28]
ARM GAS  C:\Users\igorn\AppData\Local\Temp\ccoWwiJ8.s 			page 3


 122 0030 1B6A     		ldr	r3, [r3, #32]
 123 0032 9A42     		cmp	r2, r3
 124 0034 05DD     		ble	.L10
 125 0036 00F58053 		add	r3, r0, #4096
 126 003a 0022     		movs	r2, #0
 127 003c DA61     		str	r2, [r3, #28]
 128 003e 83F82920 		strb	r2, [r3, #41]
 129              	.L10:
 130 0042 00F58050 		add	r0, r0, #4096
 131 0046 C369     		ldr	r3, [r0, #28]
 132 0048 0133     		adds	r3, r3, #1
 133 004a C361     		str	r3, [r0, #28]
 134 004c 7047     		bx	lr
 136              		.section	.text.GetCRC16,"ax",%progbits
 137              		.align	1
 138              		.global	GetCRC16
 139              		.syntax unified
 140              		.thumb
 141              		.thumb_func
 143              	GetCRC16:
 144              		@ args = 0, pretend = 0, frame = 0
 145              		@ frame_needed = 0, uses_anonymous_args = 0
 146 0000 00B5     		push	{lr}
 147 0002 4FF0000E 		mov	lr, #0
 148 0006 4FF6FF73 		movw	r3, #65535
 149 000a 0CE0     		b	.L12
 150              	.L14:
 151 000c 5B08     		lsrs	r3, r3, #1
 152              	.L15:
 153 000e 013A     		subs	r2, r2, #1
 154              	.L13:
 155 0010 3AB1     		cbz	r2, .L19
 156 0012 13F0010F 		tst	r3, #1
 157 0016 F9D0     		beq	.L14
 158 0018 4AF2010C 		movw	ip, #40961
 159 001c 8CEA5303 		eor	r3, ip, r3, lsr #1
 160 0020 F5E7     		b	.L15
 161              	.L19:
 162 0022 0EF1010E 		add	lr, lr, #1
 163              	.L12:
 164 0026 8E45     		cmp	lr, r1
 165 0028 04DA     		bge	.L20
 166 002a 10F80E20 		ldrb	r2, [r0, lr]	@ zero_extendqisi2
 167 002e 5340     		eors	r3, r3, r2
 168 0030 0822     		movs	r2, #8
 169 0032 EDE7     		b	.L13
 170              	.L20:
 171 0034 98B2     		uxth	r0, r3
 172 0036 5DF804FB 		ldr	pc, [sp], #4
 174              		.section	.text.NOS_UART_ReceiveHandler,"ax",%progbits
 175              		.align	1
 176              		.global	NOS_UART_ReceiveHandler
 177              		.syntax unified
 178              		.thumb
 179              		.thumb_func
 181              	NOS_UART_ReceiveHandler:
 182              		@ args = 0, pretend = 0, frame = 0
ARM GAS  C:\Users\igorn\AppData\Local\Temp\ccoWwiJ8.s 			page 4


 183              		@ frame_needed = 0, uses_anonymous_args = 0
 184 0000 38B5     		push	{r3, r4, r5, lr}
 185 0002 0D46     		mov	r5, r1
 186 0004 00F58053 		add	r3, r0, #4096
 187 0008 9A69     		ldr	r2, [r3, #24]
 188 000a 9988     		ldrh	r1, [r3, #4]
 189 000c 92F800C0 		ldrb	ip, [r2]	@ zero_extendqisi2
 190 0010 4418     		adds	r4, r0, r1
 191 0012 84F800C8 		strb	ip, [r4, #2048]
 192 0016 0131     		adds	r1, r1, #1
 193 0018 9980     		strh	r1, [r3, #4]	@ movhi
 194 001a 0021     		movs	r1, #0
 195 001c 5962     		str	r1, [r3, #36]
 196 001e 9C68     		ldr	r4, [r3, #8]
 197 0020 0134     		adds	r4, r4, #1
 198 0022 9C60     		str	r4, [r3, #8]
 199 0024 202C     		cmp	r4, #32
 200 0026 11D0     		beq	.L25
 201 0028 00F58054 		add	r4, r0, #4096
 202 002c 2168     		ldr	r1, [r4]
 203 002e 1346     		mov	r3, r2
 204 0030 13F8012B 		ldrb	r2, [r3], #1	@ zero_extendqisi2
 205 0034 4254     		strb	r2, [r0, r1]
 206 0036 0131     		adds	r1, r1, #1
 207 0038 2160     		str	r1, [r4]
 208 003a A361     		str	r3, [r4, #24]
 209              	.L23:
 210 003c 00F58050 		add	r0, r0, #4096
 211 0040 0122     		movs	r2, #1
 212 0042 8169     		ldr	r1, [r0, #24]
 213 0044 2846     		mov	r0, r5
 214 0046 FFF7FEFF 		bl	HAL_UART_Receive_IT
 215 004a 38BD     		pop	{r3, r4, r5, pc}
 216              	.L25:
 217 004c 1946     		mov	r1, r3
 218 004e 1C68     		ldr	r4, [r3]
 219 0050 1346     		mov	r3, r2
 220 0052 13F8012B 		ldrb	r2, [r3], #1	@ zero_extendqisi2
 221 0056 0255     		strb	r2, [r0, r4]
 222 0058 0134     		adds	r4, r4, #1
 223 005a 0C60     		str	r4, [r1]
 224 005c 8B61     		str	r3, [r1, #24]
 225 005e 0023     		movs	r3, #0
 226 0060 0B60     		str	r3, [r1]
 227 0062 FFF7FEFF 		bl	NOS_UART_ReceiveReset
 228 0066 E9E7     		b	.L23
 230              		.section	.text.NOS_UART_ParsePacket,"ax",%progbits
 231              		.align	1
 232              		.global	NOS_UART_ParsePacket
 233              		.syntax unified
 234              		.thumb
 235              		.thumb_func
 237              	NOS_UART_ParsePacket:
 238              		@ args = 0, pretend = 0, frame = 0
 239              		@ frame_needed = 0, uses_anonymous_args = 0
 240 0000 38B5     		push	{r3, r4, r5, lr}
 241 0002 0446     		mov	r4, r0
ARM GAS  C:\Users\igorn\AppData\Local\Temp\ccoWwiJ8.s 			page 5


 242 0004 0D46     		mov	r5, r1
 243 0006 0378     		ldrb	r3, [r0]	@ zero_extendqisi2
 244 0008 4B70     		strb	r3, [r1, #1]
 245 000a 4378     		ldrb	r3, [r0, #1]	@ zero_extendqisi2
 246 000c 0B70     		strb	r3, [r1]
 247 000e 8378     		ldrb	r3, [r0, #2]	@ zero_extendqisi2
 248 0010 CB70     		strb	r3, [r1, #3]
 249 0012 C378     		ldrb	r3, [r0, #3]	@ zero_extendqisi2
 250 0014 8B70     		strb	r3, [r1, #2]
 251 0016 0379     		ldrb	r3, [r0, #4]	@ zero_extendqisi2
 252 0018 4B71     		strb	r3, [r1, #5]
 253 001a 4379     		ldrb	r3, [r0, #5]	@ zero_extendqisi2
 254 001c 0B71     		strb	r3, [r1, #4]
 255 001e 8379     		ldrb	r3, [r0, #6]	@ zero_extendqisi2
 256 0020 CB72     		strb	r3, [r1, #11]
 257 0022 C379     		ldrb	r3, [r0, #7]	@ zero_extendqisi2
 258 0024 8B72     		strb	r3, [r1, #10]
 259 0026 037A     		ldrb	r3, [r0, #8]	@ zero_extendqisi2
 260 0028 4B72     		strb	r3, [r1, #9]
 261 002a 437A     		ldrb	r3, [r0, #9]	@ zero_extendqisi2
 262 002c 0B72     		strb	r3, [r1, #8]
 263 002e 837A     		ldrb	r3, [r0, #10]	@ zero_extendqisi2
 264 0030 CB73     		strb	r3, [r1, #15]
 265 0032 C37A     		ldrb	r3, [r0, #11]	@ zero_extendqisi2
 266 0034 8B73     		strb	r3, [r1, #14]
 267 0036 037B     		ldrb	r3, [r0, #12]	@ zero_extendqisi2
 268 0038 4B73     		strb	r3, [r1, #13]
 269 003a 437B     		ldrb	r3, [r0, #13]	@ zero_extendqisi2
 270 003c 0B73     		strb	r3, [r1, #12]
 271 003e 0023     		movs	r3, #0
 272 0040 05E0     		b	.L27
 273              	.L28:
 274 0042 03F10E02 		add	r2, r3, #14
 275 0046 A15C     		ldrb	r1, [r4, r2]	@ zero_extendqisi2
 276 0048 EA18     		adds	r2, r5, r3
 277 004a 1174     		strb	r1, [r2, #16]
 278 004c 0133     		adds	r3, r3, #1
 279              	.L27:
 280 004e 0F2B     		cmp	r3, #15
 281 0050 F7DD     		ble	.L28
 282 0052 A37F     		ldrb	r3, [r4, #30]	@ zero_extendqisi2
 283 0054 85F82130 		strb	r3, [r5, #33]
 284 0058 E37F     		ldrb	r3, [r4, #31]	@ zero_extendqisi2
 285 005a 85F82030 		strb	r3, [r5, #32]
 286 005e 1E21     		movs	r1, #30
 287 0060 2046     		mov	r0, r4
 288 0062 FFF7FEFF 		bl	GetCRC16
 289 0066 04F58054 		add	r4, r4, #4096
 290 006a A082     		strh	r0, [r4, #20]	@ movhi
 291 006c 2B8C     		ldrh	r3, [r5, #32]
 292 006e 9842     		cmp	r0, r3
 293 0070 05D0     		beq	.L29
 294 0072 2B88     		ldrh	r3, [r5]
 295 0074 23B1     		cbz	r3, .L26
 296 0076 6B88     		ldrh	r3, [r5, #2]
 297 0078 13B1     		cbz	r3, .L26
 298 007a AB88     		ldrh	r3, [r5, #4]
ARM GAS  C:\Users\igorn\AppData\Local\Temp\ccoWwiJ8.s 			page 6


 299 007c 03B1     		cbz	r3, .L26
 300              	.L29:
 301 007e 0120     		movs	r0, #1
 302              	.L26:
 303 0080 38BD     		pop	{r3, r4, r5, pc}
 305              		.section	.text.NOS_UART_PacketApprovedNotice,"ax",%progbits
 306              		.align	1
 307              		.global	NOS_UART_PacketApprovedNotice
 308              		.syntax unified
 309              		.thumb
 310              		.thumb_func
 312              	NOS_UART_PacketApprovedNotice:
 313              		@ args = 0, pretend = 0, frame = 72
 314              		@ frame_needed = 0, uses_anonymous_args = 0
 315 0000 00B5     		push	{lr}
 316 0002 93B0     		sub	sp, sp, #76
 317 0004 8646     		mov	lr, r0
 318 0006 0846     		mov	r0, r1
 319 0008 BEF80030 		ldrh	r3, [lr]
 320 000c ADF82430 		strh	r3, [sp, #36]	@ movhi
 321 0010 ADF82830 		strh	r3, [sp, #40]	@ movhi
 322 0014 ADF82630 		strh	r3, [sp, #38]	@ movhi
 323 0018 0C93     		str	r3, [sp, #48]
 324 001a DEF80830 		ldr	r3, [lr, #8]
 325 001e 0B93     		str	r3, [sp, #44]
 326 0020 0023     		movs	r3, #0
 327              	.L33:
 328 0022 0F2B     		cmp	r3, #15
 329 0024 0ADC     		bgt	.L38
 330 0026 0EEB0302 		add	r2, lr, r3
 331 002a 92F810C0 		ldrb	ip, [r2, #16]	@ zero_extendqisi2
 332 002e 03F14802 		add	r2, r3, #72
 333 0032 6A44     		add	r2, sp, r2
 334 0034 02F814CC 		strb	ip, [r2, #-20]
 335 0038 0133     		adds	r3, r3, #1
 336 003a F2E7     		b	.L33
 337              	.L38:
 338 003c 0023     		movs	r3, #0
 339 003e 09AA     		add	r2, sp, #36
 340 0040 08E0     		b	.L35
 341              	.L36:
 342 0042 12F801EB 		ldrb	lr, [r2], #1	@ zero_extendqisi2
 343 0046 03F14801 		add	r1, r3, #72
 344 004a 0DEB010C 		add	ip, sp, r1
 345 004e 0CF844EC 		strb	lr, [ip, #-68]
 346 0052 0133     		adds	r3, r3, #1
 347              	.L35:
 348 0054 1F2B     		cmp	r3, #31
 349 0056 F4DD     		ble	.L36
 350 0058 4FF47A73 		mov	r3, #1000
 351 005c 2022     		movs	r2, #32
 352 005e 01A9     		add	r1, sp, #4
 353 0060 FFF7FEFF 		bl	HAL_UART_Transmit
 354 0064 13B0     		add	sp, sp, #76
 355              		@ sp needed
 356 0066 5DF804FB 		ldr	pc, [sp], #4
 358              		.section	.text.NOS_UART_CheckReceive,"ax",%progbits
ARM GAS  C:\Users\igorn\AppData\Local\Temp\ccoWwiJ8.s 			page 7


 359              		.align	1
 360              		.global	NOS_UART_CheckReceive
 361              		.syntax unified
 362              		.thumb
 363              		.thumb_func
 365              	NOS_UART_CheckReceive:
 366              		@ args = 0, pretend = 0, frame = 0
 367              		@ frame_needed = 0, uses_anonymous_args = 0
 368              		@ link register save eliminated.
 369 0000 00F58050 		add	r0, r0, #4096
 370 0004 8079     		ldrb	r0, [r0, #6]	@ zero_extendqisi2
 371 0006 7047     		bx	lr
 373              		.section	.text.NOS_UART_GetReceivedData,"ax",%progbits
 374              		.align	1
 375              		.global	NOS_UART_GetReceivedData
 376              		.syntax unified
 377              		.thumb
 378              		.thumb_func
 380              	NOS_UART_GetReceivedData:
 381              		@ args = 0, pretend = 0, frame = 0
 382              		@ frame_needed = 0, uses_anonymous_args = 0
 383              		@ link register save eliminated.
 384 0000 00F50060 		add	r0, r0, #2048
 385 0004 7047     		bx	lr
 387              		.section	.text.NOS_UART_EndReceive,"ax",%progbits
 388              		.align	1
 389              		.global	NOS_UART_EndReceive
 390              		.syntax unified
 391              		.thumb
 392              		.thumb_func
 394              	NOS_UART_EndReceive:
 395              		@ args = 0, pretend = 0, frame = 0
 396              		@ frame_needed = 0, uses_anonymous_args = 0
 397              		@ link register save eliminated.
 398 0000 00F58050 		add	r0, r0, #4096
 399 0004 0023     		movs	r3, #0
 400 0006 8371     		strb	r3, [r0, #6]
 401 0008 7047     		bx	lr
 403              		.global	currCRC
 404              		.section	.bss.currCRC,"aw",%nobits
 405              		.align	2
 408              	currCRC:
 409 0000 0000     		.space	2
 410              		.ident	"GCC: (xPack GNU Arm Embedded GCC x86_64) 12.3.1 20230626"
ARM GAS  C:\Users\igorn\AppData\Local\Temp\ccoWwiJ8.s 			page 8


DEFINED SYMBOLS
                            *ABS*:00000000 NOS_UART.c
C:\Users\igorn\AppData\Local\Temp\ccoWwiJ8.s:16     .text.NOS_UART_ReceiveReset:00000000 $t
C:\Users\igorn\AppData\Local\Temp\ccoWwiJ8.s:22     .text.NOS_UART_ReceiveReset:00000000 NOS_UART_ReceiveReset
C:\Users\igorn\AppData\Local\Temp\ccoWwiJ8.s:37     .text.NOS_UART_ContinueReceive:00000000 $t
C:\Users\igorn\AppData\Local\Temp\ccoWwiJ8.s:43     .text.NOS_UART_ContinueReceive:00000000 NOS_UART_ContinueReceive
C:\Users\igorn\AppData\Local\Temp\ccoWwiJ8.s:56     .text.NOS_UART_ReceiveAbort:00000000 $t
C:\Users\igorn\AppData\Local\Temp\ccoWwiJ8.s:62     .text.NOS_UART_ReceiveAbort:00000000 NOS_UART_ReceiveAbort
C:\Users\igorn\AppData\Local\Temp\ccoWwiJ8.s:95     .text.NOS_UART_Timer_Handler:00000000 $t
C:\Users\igorn\AppData\Local\Temp\ccoWwiJ8.s:101    .text.NOS_UART_Timer_Handler:00000000 NOS_UART_Timer_Handler
C:\Users\igorn\AppData\Local\Temp\ccoWwiJ8.s:137    .text.GetCRC16:00000000 $t
C:\Users\igorn\AppData\Local\Temp\ccoWwiJ8.s:143    .text.GetCRC16:00000000 GetCRC16
C:\Users\igorn\AppData\Local\Temp\ccoWwiJ8.s:175    .text.NOS_UART_ReceiveHandler:00000000 $t
C:\Users\igorn\AppData\Local\Temp\ccoWwiJ8.s:181    .text.NOS_UART_ReceiveHandler:00000000 NOS_UART_ReceiveHandler
C:\Users\igorn\AppData\Local\Temp\ccoWwiJ8.s:231    .text.NOS_UART_ParsePacket:00000000 $t
C:\Users\igorn\AppData\Local\Temp\ccoWwiJ8.s:237    .text.NOS_UART_ParsePacket:00000000 NOS_UART_ParsePacket
C:\Users\igorn\AppData\Local\Temp\ccoWwiJ8.s:306    .text.NOS_UART_PacketApprovedNotice:00000000 $t
C:\Users\igorn\AppData\Local\Temp\ccoWwiJ8.s:312    .text.NOS_UART_PacketApprovedNotice:00000000 NOS_UART_PacketApprovedNotice
C:\Users\igorn\AppData\Local\Temp\ccoWwiJ8.s:359    .text.NOS_UART_CheckReceive:00000000 $t
C:\Users\igorn\AppData\Local\Temp\ccoWwiJ8.s:365    .text.NOS_UART_CheckReceive:00000000 NOS_UART_CheckReceive
C:\Users\igorn\AppData\Local\Temp\ccoWwiJ8.s:374    .text.NOS_UART_GetReceivedData:00000000 $t
C:\Users\igorn\AppData\Local\Temp\ccoWwiJ8.s:380    .text.NOS_UART_GetReceivedData:00000000 NOS_UART_GetReceivedData
C:\Users\igorn\AppData\Local\Temp\ccoWwiJ8.s:388    .text.NOS_UART_EndReceive:00000000 $t
C:\Users\igorn\AppData\Local\Temp\ccoWwiJ8.s:394    .text.NOS_UART_EndReceive:00000000 NOS_UART_EndReceive
C:\Users\igorn\AppData\Local\Temp\ccoWwiJ8.s:408    .bss.currCRC:00000000 currCRC
C:\Users\igorn\AppData\Local\Temp\ccoWwiJ8.s:405    .bss.currCRC:00000000 $d

UNDEFINED SYMBOLS
HAL_UART_Receive_IT
HAL_UART_Transmit
